<?xml version="1.0" encoding="UTF-8"?>
<!-- Generated by org.testng.reporters.JUnitXMLReporter -->
<testsuite ignored="12" hostname="DESKTOP-9EJEO47" failures="0" tests="27" name="Test" time="112.357" errors="0" timestamp="2026-09-13T00:29:19 GMT-07:00">
  <testcase classname="utility.Datadriven" name="loginTest" time="1.279"/>
  <testcase classname="utility.Datadriven" name="loginTest" time="0.755"/>
  <testcase classname="utility.Datadriven" name="loginTest" time="0.476"/>
  <testcase classname="com.labsshop.test.LabsshopRegisterTest" name="register" time="1.673"/>
  <testcase classname="com.labsshop.test.LabsshopRegisterTest" name="form" time="1.043"/>
  <testcase classname="com.labsshop.test.LabsshopRegisterTest" name="pw" time="0.249"/>
  <testcase classname="com.labsshop.test.LabsshopRegisterTest" name="regbutton" time="0.159"/>
  <testcase classname="com.labsshop.test.LabsshopLoginTest" name="login" time="9.324"/>
  <testcase classname="com.labsshop.test.LabsshopHomeTest" name="shopnowbtn" time="0.409"/>
  <testcase classname="com.labsshop.test.LabsshopHomeTest" name="goback" time="0.453"/>
  <testcase classname="com.labsshop.test.LabsshopHomeTest" name="linkcount" time="0.041"/>
  <testcase classname="com.labsshop.test.LabsshopHomeTest" name="logoname" time="0.642"/>
  <testcase classname="com.labsshop.test.LabsshopHomeTest" name="shopelectrnow" time="0.382"/>
  <testcase classname="com.labsshop.test.LabsshopProductTest" name="filter1" time="0.102"/>
  <testcase classname="com.labsshop.test.LabsshopProductTest" name="filter2" time="0.095"/>
  <testcase classname="com.labsshop.test.LabsshopProductTest" name="dropdown" time="0.132"/>
  <testcase classname="com.labsshop.test.LabsshopProductTest" name="addcartbtn" time="3.025"/>
  <testcase classname="com.labsshop.test.LabsshopCartTest" name="cartbutton" time="1.951"/>
  <testcase classname="com.labsshop.test.LabsshopCartTest" name="removebutton" time="0.034"/>
  <testcase classname="com.labsshop.test.LabsshopCartTest" name="quantityup" time="0.169"/>
  <testcase classname="com.labsshop.test.LabsshopCartTest" name="Totalamount" time="0.058"/>
  <testcase classname="com.labsshop.test.LabsshopCartTest" name="checkoutbutton" time="0.285"/>
  <testcase classname="com.labsshop.test.LabsshopCheckoutTest" name="fieldvalues" time="1.308"/>
  <testcase classname="com.labsshop.test.LabsshopCheckoutTest" name="next" time="0.918"/>
  <testcase classname="com.labsshop.test.LabsshopCheckoutTest" name="orderbtn" time="7.373"/>
  <testcase classname="com.labsshop.test.LabsshopCheckoutTest" name="msg" time="0.041"/>
  <testcase classname="com.labsshop.test.LabsshopCheckoutTest" name="shop" time="0.455"/>
  <testcase classname="com.labsshop.base.LabsshopBaseClass" name="@BeforeTest SetUp" time="0.0">
    <ignored/>
  </testcase> <!-- @BeforeTest SetUp -->
  <testcase classname="com.labsshop.base.LabsshopBaseClass" name="@AfterTest teardown" time="0.0">
    <ignored/>
  </testcase> <!-- @AfterTest teardown -->
  <testcase classname="com.labsshop.base.LabsshopBaseClass" name="@AfterTest teardown" time="0.0">
    <ignored/>
  </testcase> <!-- @AfterTest teardown -->
  <testcase classname="com.labsshop.base.LabsshopBaseClass" name="@BeforeTest SetUp" time="0.0">
    <ignored/>
  </testcase> <!-- @BeforeTest SetUp -->
  <testcase classname="com.labsshop.base.LabsshopBaseClass" name="@BeforeTest SetUp" time="0.0">
    <ignored/>
  </testcase> <!-- @BeforeTest SetUp -->
  <testcase classname="com.labsshop.base.LabsshopBaseClass" name="@AfterTest teardown" time="0.0">
    <ignored/>
  </testcase> <!-- @AfterTest teardown -->
  <testcase classname="com.labsshop.base.LabsshopBaseClass" name="@BeforeTest SetUp" time="0.0">
    <ignored/>
  </testcase> <!-- @BeforeTest SetUp -->
  <testcase classname="com.labsshop.base.LabsshopBaseClass" name="@AfterTest teardown" time="0.0">
    <ignored/>
  </testcase> <!-- @AfterTest teardown -->
  <testcase classname="com.labsshop.base.LabsshopBaseClass" name="@BeforeTest SetUp" time="0.0">
    <ignored/>
  </testcase> <!-- @BeforeTest SetUp -->
  <testcase classname="com.labsshop.base.LabsshopBaseClass" name="@BeforeTest SetUp" time="0.0">
    <ignored/>
  </testcase> <!-- @BeforeTest SetUp -->
  <testcase classname="com.labsshop.base.LabsshopBaseClass" name="@AfterTest teardown" time="0.0">
    <ignored/>
  </testcase> <!-- @AfterTest teardown -->
  <testcase classname="com.labsshop.base.LabsshopBaseClass" name="@AfterTest teardown" time="0.0">
    <ignored/>
  </testcase> <!-- @AfterTest teardown -->
</testsuite> <!-- Test -->
