<?xml version="1.0" encoding="UTF-8"?>
<!-- Generated by org.testng.reporters.JUnitXMLReporter -->
<testsuite ignored="12" hostname="DESKTOP-9EJEO47" failures="1" tests="27" name="Test" time="123.863" errors="0" timestamp="2026-09-14T22:22:07 GMT-07:00">
  <testcase classname="utility.Datadriven" name="loginTest" time="1.084"/>
  <testcase classname="utility.Datadriven" name="loginTest" time="0.596"/>
  <testcase classname="utility.Datadriven" name="loginTest" time="0.483"/>
  <testcase classname="com.labsshop.test.LabsshopRegisterTest" name="register" time="0.735"/>
  <testcase classname="com.labsshop.test.LabsshopRegisterTest" name="form" time="1.148"/>
  <testcase classname="com.labsshop.test.LabsshopRegisterTest" name="pw" time="0.245"/>
  <testcase classname="com.labsshop.test.LabsshopRegisterTest" name="regbutton" time="0.138"/>
  <testcase classname="com.labsshop.test.LabsshopLoginTest" name="login" time="2.833"/>
  <testcase classname="com.labsshop.test.LabsshopHomeTest" name="shopnowbtn" time="0.377"/>
  <testcase classname="com.labsshop.test.LabsshopHomeTest" name="goback" time="1.894"/>
  <testcase classname="com.labsshop.test.LabsshopHomeTest" name="linkcount" time="0.835"/>
  <testcase classname="com.labsshop.test.LabsshopHomeTest" name="logoname" time="1.428">
    <failure type="java.lang.AssertionError" message="expected [QA Automation Labsshop] but found [QA Automation Labs]">
      <![CDATA[java.lang.AssertionError: expected [QA Automation Labsshop] but found [QA Automation Labs]
at com.labsshop.test.LabsshopHomeTest.logoname(LabsshopHomeTest.java:31)
at java.base/java.util.ArrayList.forEach(ArrayList.java:1596)
... Removed 31 stack frames]]>
    </failure>
  </testcase> <!-- logoname -->
  <testcase classname="com.labsshop.test.LabsshopHomeTest" name="shopelectrnow" time="0.366"/>
  <testcase classname="com.labsshop.test.LabsshopProductTest" name="filter1" time="0.239"/>
  <testcase classname="com.labsshop.test.LabsshopProductTest" name="filter2" time="0.194"/>
  <testcase classname="com.labsshop.test.LabsshopProductTest" name="dropdown" time="0.558"/>
  <testcase classname="com.labsshop.test.LabsshopProductTest" name="addcartbtn" time="0.524"/>
  <testcase classname="com.labsshop.test.LabsshopCartTest" name="cartbutton" time="0.704"/>
  <testcase classname="com.labsshop.test.LabsshopCartTest" name="removebutton" time="0.038"/>
  <testcase classname="com.labsshop.test.LabsshopCartTest" name="quantityup" time="0.261"/>
  <testcase classname="com.labsshop.test.LabsshopCartTest" name="Totalamount" time="0.14"/>
  <testcase classname="com.labsshop.test.LabsshopCartTest" name="checkoutbutton" time="0.353"/>
  <testcase classname="com.labsshop.test.LabsshopCheckoutTest" name="fieldvalues" time="1.077"/>
  <testcase classname="com.labsshop.test.LabsshopCheckoutTest" name="next" time="0.345"/>
  <testcase classname="com.labsshop.test.LabsshopCheckoutTest" name="orderbtn" time="0.706"/>
  <testcase classname="com.labsshop.test.LabsshopCheckoutTest" name="msg" time="0.175"/>
  <testcase classname="com.labsshop.test.LabsshopCheckoutTest" name="shop" time="0.903"/>
  <testcase classname="com.labsshop.base.LabsshopBaseClass" name="@BeforeTest SetUp" time="0.0">
    <ignored/>
  </testcase> <!-- @BeforeTest SetUp -->
  <testcase classname="com.labsshop.base.LabsshopBaseClass" name="@AfterTest teardown" time="0.0">
    <ignored/>
  </testcase> <!-- @AfterTest teardown -->
  <testcase classname="com.labsshop.base.LabsshopBaseClass" name="@AfterTest teardown" time="0.0">
    <ignored/>
  </testcase> <!-- @AfterTest teardown -->
  <testcase classname="com.labsshop.base.LabsshopBaseClass" name="@BeforeTest SetUp" time="0.0">
    <ignored/>
  </testcase> <!-- @BeforeTest SetUp -->
  <testcase classname="com.labsshop.base.LabsshopBaseClass" name="@BeforeTest SetUp" time="0.0">
    <ignored/>
  </testcase> <!-- @BeforeTest SetUp -->
  <testcase classname="com.labsshop.base.LabsshopBaseClass" name="@AfterTest teardown" time="0.0">
    <ignored/>
  </testcase> <!-- @AfterTest teardown -->
  <testcase classname="com.labsshop.base.LabsshopBaseClass" name="@BeforeTest SetUp" time="0.0">
    <ignored/>
  </testcase> <!-- @BeforeTest SetUp -->
  <testcase classname="com.labsshop.base.LabsshopBaseClass" name="@AfterTest teardown" time="0.0">
    <ignored/>
  </testcase> <!-- @AfterTest teardown -->
  <testcase classname="com.labsshop.base.LabsshopBaseClass" name="@BeforeTest SetUp" time="0.0">
    <ignored/>
  </testcase> <!-- @BeforeTest SetUp -->
  <testcase classname="com.labsshop.base.LabsshopBaseClass" name="@BeforeTest SetUp" time="0.0">
    <ignored/>
  </testcase> <!-- @BeforeTest SetUp -->
  <testcase classname="com.labsshop.base.LabsshopBaseClass" name="@AfterTest teardown" time="0.0">
    <ignored/>
  </testcase> <!-- @AfterTest teardown -->
  <testcase classname="com.labsshop.base.LabsshopBaseClass" name="@AfterTest teardown" time="0.0">
    <ignored/>
  </testcase> <!-- @AfterTest teardown -->
</testsuite> <!-- Test -->
