<?xml version="1.0" encoding="UTF-8"?>
<testng-results ignored="0" total="27" passed="26" failed="1" skipped="0">
  <reporter-output>
  </reporter-output>
  <suite started-at="2026-09-15T08:32:02 GMT-07:00" name="Suite" finished-at="2026-09-15T08:35:46 GMT-07:00" duration-ms="223718">
    <groups>
    </groups>
    <test started-at="2026-09-15T08:32:02 GMT-07:00" name="Test" finished-at="2026-09-15T08:35:46 GMT-07:00" duration-ms="223718">
      <class name="utility.Datadriven">
        <test-method is-config="true" signature="SetUp()[pri:0, instance:utility.Datadriven@305b7c14]" started-at="2026-09-15T08:32:02 GMT-07:00" name="SetUp" finished-at="2026-09-15T08:33:46 GMT-07:00" duration-ms="103719" status="PASS">
          <reporter-output>
          </reporter-output>
        </test-method> <!-- SetUp -->
        <test-method is-config="true" signature="setup()[pri:0, instance:utility.Datadriven@305b7c14]" started-at="2026-09-15T08:33:46 GMT-07:00" name="setup" finished-at="2026-09-15T08:34:24 GMT-07:00" depends-on-methods="com.labsshop.base.LabsshopBaseClass.SetUp" duration-ms="37796" status="PASS">
          <reporter-output>
          </reporter-output>
        </test-method> <!-- setup -->
        <test-method is-config="true" signature="method(java.lang.reflect.Method)[pri:0, instance:utility.Datadriven@305b7c14]" started-at="2026-09-15T08:34:38 GMT-07:00" name="method" finished-at="2026-09-15T08:34:43 GMT-07:00" duration-ms="4617" status="PASS">
          <params>
            <param index="0">
              <value>
                <![CDATA[public void utility.Datadriven.loginTest(java.lang.String,java.lang.String)]]>
              </value>
            </param>
          </params>
          <reporter-output>
          </reporter-output>
        </test-method> <!-- method -->
        <test-method signature="loginTest(java.lang.String,java.lang.String)[pri:0, instance:utility.Datadriven@305b7c14]" started-at="2026-09-15T08:34:43 GMT-07:00" name="loginTest" data-provider="invalidloginData" finished-at="2026-09-15T08:34:45 GMT-07:00" duration-ms="2946" status="PASS">
          <params>
            <param index="0">
              <value>
                <![CDATA[silnajohns@gmail.com]]>
              </value>
            </param>
            <param index="1">
              <value>
                <![CDATA[123456]]>
              </value>
            </param>
          </params>
          <reporter-output>
          </reporter-output>
        </test-method> <!-- loginTest -->
        <test-method is-config="true" signature="browserclose(org.testng.ITestResult)[pri:0, instance:utility.Datadriven@305b7c14]" started-at="2026-09-15T08:34:45 GMT-07:00" name="browserclose" finished-at="2026-09-15T08:34:46 GMT-07:00" duration-ms="11" status="PASS">
          <params>
            <param index="0">
              <value>
                <![CDATA[[TestResult name=loginTest status=SUCCESS method=Datadriven.loginTest(java.lang.String,java.lang.String)[pri:0, instance:utility.Datadriven@305b7c14] output={null}]]]>
              </value>
            </param>
          </params>
          <reporter-output>
          </reporter-output>
        </test-method> <!-- browserclose -->
        <test-method is-config="true" signature="method(java.lang.reflect.Method)[pri:0, instance:utility.Datadriven@305b7c14]" started-at="2026-09-15T08:34:46 GMT-07:00" name="method" finished-at="2026-09-15T08:34:46 GMT-07:00" duration-ms="11" status="PASS">
          <params>
            <param index="0">
              <value>
                <![CDATA[public void utility.Datadriven.loginTest(java.lang.String,java.lang.String)]]>
              </value>
            </param>
          </params>
          <reporter-output>
          </reporter-output>
        </test-method> <!-- method -->
        <test-method signature="loginTest(java.lang.String,java.lang.String)[pri:0, instance:utility.Datadriven@305b7c14]" started-at="2026-09-15T08:34:46 GMT-07:00" name="loginTest" data-provider="invalidloginData" finished-at="2026-09-15T08:34:46 GMT-07:00" duration-ms="543" status="PASS">
          <params>
            <param index="0">
              <value>
                <![CDATA[abc@gmail.com]]>
              </value>
            </param>
            <param index="1">
              <value>
                <![CDATA[abcd]]>
              </value>
            </param>
          </params>
          <reporter-output>
          </reporter-output>
        </test-method> <!-- loginTest -->
        <test-method is-config="true" signature="browserclose(org.testng.ITestResult)[pri:0, instance:utility.Datadriven@305b7c14]" started-at="2026-09-15T08:34:46 GMT-07:00" name="browserclose" finished-at="2026-09-15T08:34:46 GMT-07:00" duration-ms="2" status="PASS">
          <params>
            <param index="0">
              <value>
                <![CDATA[[TestResult name=loginTest status=SUCCESS method=Datadriven.loginTest(java.lang.String,java.lang.String)[pri:0, instance:utility.Datadriven@305b7c14] output={null}]]]>
              </value>
            </param>
          </params>
          <reporter-output>
          </reporter-output>
        </test-method> <!-- browserclose -->
        <test-method is-config="true" signature="method(java.lang.reflect.Method)[pri:0, instance:utility.Datadriven@305b7c14]" started-at="2026-09-15T08:34:46 GMT-07:00" name="method" finished-at="2026-09-15T08:34:46 GMT-07:00" duration-ms="5" status="PASS">
          <params>
            <param index="0">
              <value>
                <![CDATA[public void utility.Datadriven.loginTest(java.lang.String,java.lang.String)]]>
              </value>
            </param>
          </params>
          <reporter-output>
          </reporter-output>
        </test-method> <!-- method -->
        <test-method signature="loginTest(java.lang.String,java.lang.String)[pri:0, instance:utility.Datadriven@305b7c14]" started-at="2026-09-15T08:34:46 GMT-07:00" name="loginTest" data-provider="invalidloginData" finished-at="2026-09-15T08:34:47 GMT-07:00" duration-ms="566" status="PASS">
          <params>
            <param index="0">
              <value>
                <![CDATA[silna@gmail.com]]>
              </value>
            </param>
            <param index="1">
              <value>
                <![CDATA[silna]]>
              </value>
            </param>
          </params>
          <reporter-output>
          </reporter-output>
        </test-method> <!-- loginTest -->
        <test-method is-config="true" signature="browserclose(org.testng.ITestResult)[pri:0, instance:utility.Datadriven@305b7c14]" started-at="2026-09-15T08:34:47 GMT-07:00" name="browserclose" finished-at="2026-09-15T08:34:47 GMT-07:00" duration-ms="2" status="PASS">
          <params>
            <param index="0">
              <value>
                <![CDATA[[TestResult name=loginTest status=SUCCESS method=Datadriven.loginTest(java.lang.String,java.lang.String)[pri:0, instance:utility.Datadriven@305b7c14] output={null}]]]>
              </value>
            </param>
          </params>
          <reporter-output>
          </reporter-output>
        </test-method> <!-- browserclose -->
        <test-method is-config="true" signature="close()[pri:0, instance:utility.Datadriven@305b7c14]" started-at="2026-09-15T08:35:28 GMT-07:00" name="close" finished-at="2026-09-15T08:35:42 GMT-07:00" duration-ms="14237" status="PASS">
          <reporter-output>
          </reporter-output>
        </test-method> <!-- close -->
        <test-method is-config="true" signature="teardown()[pri:0, instance:utility.Datadriven@305b7c14]" started-at="2026-09-15T08:35:42 GMT-07:00" name="teardown" finished-at="2026-09-15T08:35:46 GMT-07:00" depends-on-methods="utility.Datadriven.close" duration-ms="3811" status="PASS">
          <reporter-output>
          </reporter-output>
        </test-method> <!-- teardown -->
      </class> <!-- utility.Datadriven -->
      <class name="com.labsshop.test.LabsshopProductTest">
        <test-method is-config="true" signature="method(java.lang.reflect.Method)[pri:0, instance:com.labsshop.test.LabsshopProductTest@3c3d9b6b]" started-at="2026-09-15T08:35:15 GMT-07:00" name="method" finished-at="2026-09-15T08:35:15 GMT-07:00" duration-ms="4" status="PASS">
          <params>
            <param index="0">
              <value>
                <![CDATA[public void com.labsshop.test.LabsshopProductTest.filter1()]]>
              </value>
            </param>
          </params>
          <reporter-output>
          </reporter-output>
        </test-method> <!-- method -->
        <test-method signature="filter1()[pri:1, instance:com.labsshop.test.LabsshopProductTest@3c3d9b6b]" started-at="2026-09-15T08:35:15 GMT-07:00" name="filter1" finished-at="2026-09-15T08:35:16 GMT-07:00" duration-ms="294" status="PASS">
          <reporter-output>
          </reporter-output>
        </test-method> <!-- filter1 -->
        <test-method is-config="true" signature="browserclose(org.testng.ITestResult)[pri:0, instance:com.labsshop.test.LabsshopProductTest@3c3d9b6b]" started-at="2026-09-15T08:35:16 GMT-07:00" name="browserclose" finished-at="2026-09-15T08:35:16 GMT-07:00" duration-ms="1" status="PASS">
          <params>
            <param index="0">
              <value>
                <![CDATA[[TestResult name=filter1 status=SUCCESS method=LabsshopProductTest.filter1()[pri:1, instance:com.labsshop.test.LabsshopProductTest@3c3d9b6b] output={null}]]]>
              </value>
            </param>
          </params>
          <reporter-output>
          </reporter-output>
        </test-method> <!-- browserclose -->
        <test-method is-config="true" signature="method(java.lang.reflect.Method)[pri:0, instance:com.labsshop.test.LabsshopProductTest@3c3d9b6b]" started-at="2026-09-15T08:35:16 GMT-07:00" name="method" finished-at="2026-09-15T08:35:16 GMT-07:00" duration-ms="7" status="PASS">
          <params>
            <param index="0">
              <value>
                <![CDATA[public void com.labsshop.test.LabsshopProductTest.filter2()]]>
              </value>
            </param>
          </params>
          <reporter-output>
          </reporter-output>
        </test-method> <!-- method -->
        <test-method signature="filter2()[pri:2, instance:com.labsshop.test.LabsshopProductTest@3c3d9b6b]" started-at="2026-09-15T08:35:16 GMT-07:00" name="filter2" finished-at="2026-09-15T08:35:16 GMT-07:00" duration-ms="165" status="PASS">
          <reporter-output>
          </reporter-output>
        </test-method> <!-- filter2 -->
        <test-method is-config="true" signature="browserclose(org.testng.ITestResult)[pri:0, instance:com.labsshop.test.LabsshopProductTest@3c3d9b6b]" started-at="2026-09-15T08:35:16 GMT-07:00" name="browserclose" finished-at="2026-09-15T08:35:16 GMT-07:00" duration-ms="2" status="PASS">
          <params>
            <param index="0">
              <value>
                <![CDATA[[TestResult name=filter2 status=SUCCESS method=LabsshopProductTest.filter2()[pri:2, instance:com.labsshop.test.LabsshopProductTest@3c3d9b6b] output={null}]]]>
              </value>
            </param>
          </params>
          <reporter-output>
          </reporter-output>
        </test-method> <!-- browserclose -->
        <test-method is-config="true" signature="method(java.lang.reflect.Method)[pri:0, instance:com.labsshop.test.LabsshopProductTest@3c3d9b6b]" started-at="2026-09-15T08:35:16 GMT-07:00" name="method" finished-at="2026-09-15T08:35:16 GMT-07:00" duration-ms="3" status="PASS">
          <params>
            <param index="0">
              <value>
                <![CDATA[public void com.labsshop.test.LabsshopProductTest.dropdown()]]>
              </value>
            </param>
          </params>
          <reporter-output>
          </reporter-output>
        </test-method> <!-- method -->
        <test-method signature="dropdown()[pri:3, instance:com.labsshop.test.LabsshopProductTest@3c3d9b6b]" started-at="2026-09-15T08:35:16 GMT-07:00" name="dropdown" finished-at="2026-09-15T08:35:20 GMT-07:00" duration-ms="4080" status="PASS">
          <reporter-output>
          </reporter-output>
        </test-method> <!-- dropdown -->
        <test-method is-config="true" signature="browserclose(org.testng.ITestResult)[pri:0, instance:com.labsshop.test.LabsshopProductTest@3c3d9b6b]" started-at="2026-09-15T08:35:20 GMT-07:00" name="browserclose" finished-at="2026-09-15T08:35:20 GMT-07:00" duration-ms="2" status="PASS">
          <params>
            <param index="0">
              <value>
                <![CDATA[[TestResult name=dropdown status=SUCCESS method=LabsshopProductTest.dropdown()[pri:3, instance:com.labsshop.test.LabsshopProductTest@3c3d9b6b] output={null}]]]>
              </value>
            </param>
          </params>
          <reporter-output>
          </reporter-output>
        </test-method> <!-- browserclose -->
        <test-method is-config="true" signature="method(java.lang.reflect.Method)[pri:0, instance:com.labsshop.test.LabsshopProductTest@3c3d9b6b]" started-at="2026-09-15T08:35:20 GMT-07:00" name="method" finished-at="2026-09-15T08:35:20 GMT-07:00" duration-ms="4" status="PASS">
          <params>
            <param index="0">
              <value>
                <![CDATA[public void com.labsshop.test.LabsshopProductTest.addcartbtn()]]>
              </value>
            </param>
          </params>
          <reporter-output>
          </reporter-output>
        </test-method> <!-- method -->
        <test-method signature="addcartbtn()[pri:4, instance:com.labsshop.test.LabsshopProductTest@3c3d9b6b]" started-at="2026-09-15T08:35:20 GMT-07:00" name="addcartbtn" finished-at="2026-09-15T08:35:21 GMT-07:00" duration-ms="628" status="PASS">
          <reporter-output>
          </reporter-output>
        </test-method> <!-- addcartbtn -->
        <test-method is-config="true" signature="browserclose(org.testng.ITestResult)[pri:0, instance:com.labsshop.test.LabsshopProductTest@3c3d9b6b]" started-at="2026-09-15T08:35:21 GMT-07:00" name="browserclose" finished-at="2026-09-15T08:35:21 GMT-07:00" duration-ms="2" status="PASS">
          <params>
            <param index="0">
              <value>
                <![CDATA[[TestResult name=addcartbtn status=SUCCESS method=LabsshopProductTest.addcartbtn()[pri:4, instance:com.labsshop.test.LabsshopProductTest@3c3d9b6b] output={null}]]]>
              </value>
            </param>
          </params>
          <reporter-output>
          </reporter-output>
        </test-method> <!-- browserclose -->
      </class> <!-- com.labsshop.test.LabsshopProductTest -->
      <class name="com.labsshop.test.LabsshopHomeTest">
        <test-method is-config="true" signature="method(java.lang.reflect.Method)[pri:0, instance:com.labsshop.test.LabsshopHomeTest@158a8276]" started-at="2026-09-15T08:35:03 GMT-07:00" name="method" finished-at="2026-09-15T08:35:03 GMT-07:00" duration-ms="4" status="PASS">
          <params>
            <param index="0">
              <value>
                <![CDATA[public void com.labsshop.test.LabsshopHomeTest.shopnowbtn()]]>
              </value>
            </param>
          </params>
          <reporter-output>
          </reporter-output>
        </test-method> <!-- method -->
        <test-method signature="shopnowbtn()[pri:1, instance:com.labsshop.test.LabsshopHomeTest@158a8276]" started-at="2026-09-15T08:35:03 GMT-07:00" name="shopnowbtn" finished-at="2026-09-15T08:35:08 GMT-07:00" duration-ms="4386" status="PASS">
          <reporter-output>
          </reporter-output>
        </test-method> <!-- shopnowbtn -->
        <test-method is-config="true" signature="browserclose(org.testng.ITestResult)[pri:0, instance:com.labsshop.test.LabsshopHomeTest@158a8276]" started-at="2026-09-15T08:35:08 GMT-07:00" name="browserclose" finished-at="2026-09-15T08:35:08 GMT-07:00" duration-ms="8" status="PASS">
          <params>
            <param index="0">
              <value>
                <![CDATA[[TestResult name=shopnowbtn status=SUCCESS method=LabsshopHomeTest.shopnowbtn()[pri:1, instance:com.labsshop.test.LabsshopHomeTest@158a8276] output={null}]]]>
              </value>
            </param>
          </params>
          <reporter-output>
          </reporter-output>
        </test-method> <!-- browserclose -->
        <test-method is-config="true" signature="method(java.lang.reflect.Method)[pri:0, instance:com.labsshop.test.LabsshopHomeTest@158a8276]" started-at="2026-09-15T08:35:08 GMT-07:00" name="method" finished-at="2026-09-15T08:35:08 GMT-07:00" duration-ms="5" status="PASS">
          <params>
            <param index="0">
              <value>
                <![CDATA[public void com.labsshop.test.LabsshopHomeTest.goback()]]>
              </value>
            </param>
          </params>
          <reporter-output>
          </reporter-output>
        </test-method> <!-- method -->
        <test-method signature="goback()[pri:2, instance:com.labsshop.test.LabsshopHomeTest@158a8276]" started-at="2026-09-15T08:35:08 GMT-07:00" name="goback" finished-at="2026-09-15T08:35:09 GMT-07:00" duration-ms="867" status="PASS">
          <reporter-output>
          </reporter-output>
        </test-method> <!-- goback -->
        <test-method is-config="true" signature="browserclose(org.testng.ITestResult)[pri:0, instance:com.labsshop.test.LabsshopHomeTest@158a8276]" started-at="2026-09-15T08:35:09 GMT-07:00" name="browserclose" finished-at="2026-09-15T08:35:09 GMT-07:00" duration-ms="1" status="PASS">
          <params>
            <param index="0">
              <value>
                <![CDATA[[TestResult name=goback status=SUCCESS method=LabsshopHomeTest.goback()[pri:2, instance:com.labsshop.test.LabsshopHomeTest@158a8276] output={null}]]]>
              </value>
            </param>
          </params>
          <reporter-output>
          </reporter-output>
        </test-method> <!-- browserclose -->
        <test-method is-config="true" signature="method(java.lang.reflect.Method)[pri:0, instance:com.labsshop.test.LabsshopHomeTest@158a8276]" started-at="2026-09-15T08:35:09 GMT-07:00" name="method" finished-at="2026-09-15T08:35:09 GMT-07:00" duration-ms="5" status="PASS">
          <params>
            <param index="0">
              <value>
                <![CDATA[public void com.labsshop.test.LabsshopHomeTest.linkcount()]]>
              </value>
            </param>
          </params>
          <reporter-output>
          </reporter-output>
        </test-method> <!-- method -->
        <test-method signature="linkcount()[pri:3, instance:com.labsshop.test.LabsshopHomeTest@158a8276]" started-at="2026-09-15T08:35:09 GMT-07:00" name="linkcount" finished-at="2026-09-15T08:35:09 GMT-07:00" duration-ms="30" status="PASS">
          <reporter-output>
          </reporter-output>
        </test-method> <!-- linkcount -->
        <test-method is-config="true" signature="browserclose(org.testng.ITestResult)[pri:0, instance:com.labsshop.test.LabsshopHomeTest@158a8276]" started-at="2026-09-15T08:35:09 GMT-07:00" name="browserclose" finished-at="2026-09-15T08:35:09 GMT-07:00" duration-ms="1" status="PASS">
          <params>
            <param index="0">
              <value>
                <![CDATA[[TestResult name=linkcount status=SUCCESS method=LabsshopHomeTest.linkcount()[pri:3, instance:com.labsshop.test.LabsshopHomeTest@158a8276] output={null}]]]>
              </value>
            </param>
          </params>
          <reporter-output>
          </reporter-output>
        </test-method> <!-- browserclose -->
        <test-method is-config="true" signature="method(java.lang.reflect.Method)[pri:0, instance:com.labsshop.test.LabsshopHomeTest@158a8276]" started-at="2026-09-15T08:35:09 GMT-07:00" name="method" finished-at="2026-09-15T08:35:09 GMT-07:00" duration-ms="5" status="PASS">
          <params>
            <param index="0">
              <value>
                <![CDATA[public void com.labsshop.test.LabsshopHomeTest.logoname()]]>
              </value>
            </param>
          </params>
          <reporter-output>
          </reporter-output>
        </test-method> <!-- method -->
        <test-method signature="logoname()[pri:4, instance:com.labsshop.test.LabsshopHomeTest@158a8276]" started-at="2026-09-15T08:35:09 GMT-07:00" name="logoname" finished-at="2026-09-15T08:35:12 GMT-07:00" duration-ms="3597" status="FAIL">
          <exception class="java.lang.AssertionError">
            <message>
              <![CDATA[expected [QA Automation Labsshop] but found [QA Automation Labs]]]>
            </message>
            <full-stacktrace>
              <![CDATA[java.lang.AssertionError: expected [QA Automation Labsshop] but found [QA Automation Labs]
at org.testng.Assert.fail(Assert.java:111)
at org.testng.Assert.failNotEquals(Assert.java:1590)
at org.testng.Assert.assertEqualsImpl(Assert.java:150)
at org.testng.Assert.assertEquals(Assert.java:132)
at org.testng.Assert.assertEquals(Assert.java:656)
at org.testng.Assert.assertEquals(Assert.java:666)
at com.labsshop.test.LabsshopHomeTest.logoname(LabsshopHomeTest.java:31)
at java.base/jdk.internal.reflect.DirectMethodHandleAccessor.invoke(DirectMethodHandleAccessor.java:103)
at java.base/java.lang.reflect.Method.invoke(Method.java:580)
at org.testng.internal.invokers.MethodInvocationHelper.invokeMethod(MethodInvocationHelper.java:141)
at org.testng.internal.invokers.TestInvoker.invokeMethod(TestInvoker.java:697)
at org.testng.internal.invokers.TestInvoker.invokeTestMethod(TestInvoker.java:230)
at org.testng.internal.invokers.MethodRunner.runInSequence(MethodRunner.java:63)
at org.testng.internal.invokers.TestInvoker$MethodInvocationAgent.invoke(TestInvoker.java:1005)
at org.testng.internal.invokers.TestInvoker.invokeTestMethods(TestInvoker.java:203)
at org.testng.internal.invokers.TestMethodWorker.invokeTestMethods(TestMethodWorker.java:154)
at org.testng.internal.invokers.TestMethodWorker.run(TestMethodWorker.java:134)
at java.base/java.util.ArrayList.forEach(ArrayList.java:1596)
at org.testng.TestRunner.privateRun(TestRunner.java:744)
at org.testng.TestRunner.run(TestRunner.java:616)
at org.testng.SuiteRunner.runTest(SuiteRunner.java:421)
at org.testng.SuiteRunner.runSequentially(SuiteRunner.java:413)
at org.testng.SuiteRunner.privateRun(SuiteRunner.java:373)
at org.testng.SuiteRunner.run(SuiteRunner.java:312)
at org.testng.SuiteRunnerWorker.runSuite(SuiteRunnerWorker.java:52)
at org.testng.SuiteRunnerWorker.run(SuiteRunnerWorker.java:95)
at org.testng.TestNG.runSuitesSequentially(TestNG.java:1274)
at org.testng.TestNG.runSuitesLocally(TestNG.java:1208)
at org.testng.TestNG.runSuites(TestNG.java:1112)
at org.testng.TestNG.run(TestNG.java:1079)
at org.testng.remote.AbstractRemoteTestNG.run(AbstractRemoteTestNG.java:115)
at org.testng.remote.RemoteTestNG.initAndRun(RemoteTestNG.java:293)
at org.testng.remote.RemoteTestNG.main(RemoteTestNG.java:91)
]]>
            </full-stacktrace>
          </exception> <!-- java.lang.AssertionError -->
          <reporter-output>
          </reporter-output>
        </test-method> <!-- logoname -->
        <test-method is-config="true" signature="browserclose(org.testng.ITestResult)[pri:0, instance:com.labsshop.test.LabsshopHomeTest@158a8276]" started-at="2026-09-15T08:35:12 GMT-07:00" name="browserclose" finished-at="2026-09-15T08:35:15 GMT-07:00" duration-ms="2661" status="PASS">
          <params>
            <param index="0">
              <value>
                <![CDATA[[TestResult name=logoname status=FAILURE method=LabsshopHomeTest.logoname()[pri:4, instance:com.labsshop.test.LabsshopHomeTest@158a8276] output={null}]]]>
              </value>
            </param>
          </params>
          <reporter-output>
          </reporter-output>
        </test-method> <!-- browserclose -->
        <test-method is-config="true" signature="method(java.lang.reflect.Method)[pri:0, instance:com.labsshop.test.LabsshopHomeTest@158a8276]" started-at="2026-09-15T08:35:15 GMT-07:00" name="method" finished-at="2026-09-15T08:35:15 GMT-07:00" duration-ms="8" status="PASS">
          <params>
            <param index="0">
              <value>
                <![CDATA[public void com.labsshop.test.LabsshopHomeTest.shopelectrnow()]]>
              </value>
            </param>
          </params>
          <reporter-output>
          </reporter-output>
        </test-method> <!-- method -->
        <test-method signature="shopelectrnow()[pri:5, instance:com.labsshop.test.LabsshopHomeTest@158a8276]" started-at="2026-09-15T08:35:15 GMT-07:00" name="shopelectrnow" finished-at="2026-09-15T08:35:15 GMT-07:00" duration-ms="494" status="PASS">
          <reporter-output>
          </reporter-output>
        </test-method> <!-- shopelectrnow -->
        <test-method is-config="true" signature="browserclose(org.testng.ITestResult)[pri:0, instance:com.labsshop.test.LabsshopHomeTest@158a8276]" started-at="2026-09-15T08:35:15 GMT-07:00" name="browserclose" finished-at="2026-09-15T08:35:15 GMT-07:00" duration-ms="2" status="PASS">
          <params>
            <param index="0">
              <value>
                <![CDATA[[TestResult name=shopelectrnow status=SUCCESS method=LabsshopHomeTest.shopelectrnow()[pri:5, instance:com.labsshop.test.LabsshopHomeTest@158a8276] output={null}]]]>
              </value>
            </param>
          </params>
          <reporter-output>
          </reporter-output>
        </test-method> <!-- browserclose -->
      </class> <!-- com.labsshop.test.LabsshopHomeTest -->
      <class name="com.labsshop.test.LabsshopCheckoutTest">
        <test-method is-config="true" signature="method(java.lang.reflect.Method)[pri:0, instance:com.labsshop.test.LabsshopCheckoutTest@5fbe4146]" started-at="2026-09-15T08:35:24 GMT-07:00" name="method" finished-at="2026-09-15T08:35:24 GMT-07:00" duration-ms="3" status="PASS">
          <params>
            <param index="0">
              <value>
                <![CDATA[public void com.labsshop.test.LabsshopCheckoutTest.fieldvalues()]]>
              </value>
            </param>
          </params>
          <reporter-output>
          </reporter-output>
        </test-method> <!-- method -->
        <test-method signature="fieldvalues()[pri:1, instance:com.labsshop.test.LabsshopCheckoutTest@5fbe4146]" started-at="2026-09-15T08:35:24 GMT-07:00" name="fieldvalues" finished-at="2026-09-15T08:35:25 GMT-07:00" duration-ms="1053" status="PASS">
          <reporter-output>
          </reporter-output>
        </test-method> <!-- fieldvalues -->
        <test-method is-config="true" signature="browserclose(org.testng.ITestResult)[pri:0, instance:com.labsshop.test.LabsshopCheckoutTest@5fbe4146]" started-at="2026-09-15T08:35:25 GMT-07:00" name="browserclose" finished-at="2026-09-15T08:35:25 GMT-07:00" duration-ms="1" status="PASS">
          <params>
            <param index="0">
              <value>
                <![CDATA[[TestResult name=fieldvalues status=SUCCESS method=LabsshopCheckoutTest.fieldvalues()[pri:1, instance:com.labsshop.test.LabsshopCheckoutTest@5fbe4146] output={null}]]]>
              </value>
            </param>
          </params>
          <reporter-output>
          </reporter-output>
        </test-method> <!-- browserclose -->
        <test-method is-config="true" signature="method(java.lang.reflect.Method)[pri:0, instance:com.labsshop.test.LabsshopCheckoutTest@5fbe4146]" started-at="2026-09-15T08:35:25 GMT-07:00" name="method" finished-at="2026-09-15T08:35:25 GMT-07:00" duration-ms="2" status="PASS">
          <params>
            <param index="0">
              <value>
                <![CDATA[public void com.labsshop.test.LabsshopCheckoutTest.next()]]>
              </value>
            </param>
          </params>
          <reporter-output>
          </reporter-output>
        </test-method> <!-- method -->
        <test-method signature="next()[pri:2, instance:com.labsshop.test.LabsshopCheckoutTest@5fbe4146]" started-at="2026-09-15T08:35:25 GMT-07:00" name="next" finished-at="2026-09-15T08:35:25 GMT-07:00" duration-ms="279" status="PASS">
          <reporter-output>
          </reporter-output>
        </test-method> <!-- next -->
        <test-method is-config="true" signature="browserclose(org.testng.ITestResult)[pri:0, instance:com.labsshop.test.LabsshopCheckoutTest@5fbe4146]" started-at="2026-09-15T08:35:25 GMT-07:00" name="browserclose" finished-at="2026-09-15T08:35:25 GMT-07:00" duration-ms="2" status="PASS">
          <params>
            <param index="0">
              <value>
                <![CDATA[[TestResult name=next status=SUCCESS method=LabsshopCheckoutTest.next()[pri:2, instance:com.labsshop.test.LabsshopCheckoutTest@5fbe4146] output={null}]]]>
              </value>
            </param>
          </params>
          <reporter-output>
          </reporter-output>
        </test-method> <!-- browserclose -->
        <test-method is-config="true" signature="method(java.lang.reflect.Method)[pri:0, instance:com.labsshop.test.LabsshopCheckoutTest@5fbe4146]" started-at="2026-09-15T08:35:25 GMT-07:00" name="method" finished-at="2026-09-15T08:35:25 GMT-07:00" duration-ms="4" status="PASS">
          <params>
            <param index="0">
              <value>
                <![CDATA[public void com.labsshop.test.LabsshopCheckoutTest.orderbtn()]]>
              </value>
            </param>
          </params>
          <reporter-output>
          </reporter-output>
        </test-method> <!-- method -->
        <test-method signature="orderbtn()[pri:3, instance:com.labsshop.test.LabsshopCheckoutTest@5fbe4146]" started-at="2026-09-15T08:35:25 GMT-07:00" name="orderbtn" finished-at="2026-09-15T08:35:27 GMT-07:00" duration-ms="2461" status="PASS">
          <reporter-output>
          </reporter-output>
        </test-method> <!-- orderbtn -->
        <test-method is-config="true" signature="browserclose(org.testng.ITestResult)[pri:0, instance:com.labsshop.test.LabsshopCheckoutTest@5fbe4146]" started-at="2026-09-15T08:35:27 GMT-07:00" name="browserclose" finished-at="2026-09-15T08:35:27 GMT-07:00" duration-ms="4" status="PASS">
          <params>
            <param index="0">
              <value>
                <![CDATA[[TestResult name=orderbtn status=SUCCESS method=LabsshopCheckoutTest.orderbtn()[pri:3, instance:com.labsshop.test.LabsshopCheckoutTest@5fbe4146] output={null}]]]>
              </value>
            </param>
          </params>
          <reporter-output>
          </reporter-output>
        </test-method> <!-- browserclose -->
        <test-method is-config="true" signature="method(java.lang.reflect.Method)[pri:0, instance:com.labsshop.test.LabsshopCheckoutTest@5fbe4146]" started-at="2026-09-15T08:35:27 GMT-07:00" name="method" finished-at="2026-09-15T08:35:27 GMT-07:00" duration-ms="10" status="PASS">
          <params>
            <param index="0">
              <value>
                <![CDATA[public void com.labsshop.test.LabsshopCheckoutTest.msg()]]>
              </value>
            </param>
          </params>
          <reporter-output>
          </reporter-output>
        </test-method> <!-- method -->
        <test-method signature="msg()[pri:4, instance:com.labsshop.test.LabsshopCheckoutTest@5fbe4146]" started-at="2026-09-15T08:35:27 GMT-07:00" name="msg" finished-at="2026-09-15T08:35:28 GMT-07:00" duration-ms="99" status="PASS">
          <reporter-output>
          </reporter-output>
        </test-method> <!-- msg -->
        <test-method is-config="true" signature="browserclose(org.testng.ITestResult)[pri:0, instance:com.labsshop.test.LabsshopCheckoutTest@5fbe4146]" started-at="2026-09-15T08:35:28 GMT-07:00" name="browserclose" finished-at="2026-09-15T08:35:28 GMT-07:00" duration-ms="0" status="PASS">
          <params>
            <param index="0">
              <value>
                <![CDATA[[TestResult name=msg status=SUCCESS method=LabsshopCheckoutTest.msg()[pri:4, instance:com.labsshop.test.LabsshopCheckoutTest@5fbe4146] output={null}]]]>
              </value>
            </param>
          </params>
          <reporter-output>
          </reporter-output>
        </test-method> <!-- browserclose -->
        <test-method is-config="true" signature="method(java.lang.reflect.Method)[pri:0, instance:com.labsshop.test.LabsshopCheckoutTest@5fbe4146]" started-at="2026-09-15T08:35:28 GMT-07:00" name="method" finished-at="2026-09-15T08:35:28 GMT-07:00" duration-ms="4" status="PASS">
          <params>
            <param index="0">
              <value>
                <![CDATA[public void com.labsshop.test.LabsshopCheckoutTest.shop()]]>
              </value>
            </param>
          </params>
          <reporter-output>
          </reporter-output>
        </test-method> <!-- method -->
        <test-method signature="shop()[pri:5, instance:com.labsshop.test.LabsshopCheckoutTest@5fbe4146]" started-at="2026-09-15T08:35:28 GMT-07:00" name="shop" finished-at="2026-09-15T08:35:28 GMT-07:00" duration-ms="249" status="PASS">
          <reporter-output>
          </reporter-output>
        </test-method> <!-- shop -->
        <test-method is-config="true" signature="browserclose(org.testng.ITestResult)[pri:0, instance:com.labsshop.test.LabsshopCheckoutTest@5fbe4146]" started-at="2026-09-15T08:35:28 GMT-07:00" name="browserclose" finished-at="2026-09-15T08:35:28 GMT-07:00" duration-ms="3" status="PASS">
          <params>
            <param index="0">
              <value>
                <![CDATA[[TestResult name=shop status=SUCCESS method=LabsshopCheckoutTest.shop()[pri:5, instance:com.labsshop.test.LabsshopCheckoutTest@5fbe4146] output={null}]]]>
              </value>
            </param>
          </params>
          <reporter-output>
          </reporter-output>
        </test-method> <!-- browserclose -->
      </class> <!-- com.labsshop.test.LabsshopCheckoutTest -->
      <class name="com.labsshop.test.LabsshopLoginTest">
        <test-method is-config="true" signature="method(java.lang.reflect.Method)[pri:0, instance:com.labsshop.test.LabsshopLoginTest@13b6aecc]" started-at="2026-09-15T08:35:00 GMT-07:00" name="method" finished-at="2026-09-15T08:35:00 GMT-07:00" duration-ms="4" status="PASS">
          <params>
            <param index="0">
              <value>
                <![CDATA[public void com.labsshop.test.LabsshopLoginTest.login()]]>
              </value>
            </param>
          </params>
          <reporter-output>
          </reporter-output>
        </test-method> <!-- method -->
        <test-method signature="login()[pri:1, instance:com.labsshop.test.LabsshopLoginTest@13b6aecc]" started-at="2026-09-15T08:35:00 GMT-07:00" name="login" finished-at="2026-09-15T08:35:03 GMT-07:00" duration-ms="2787" status="PASS">
          <reporter-output>
          </reporter-output>
        </test-method> <!-- login -->
        <test-method is-config="true" signature="browserclose(org.testng.ITestResult)[pri:0, instance:com.labsshop.test.LabsshopLoginTest@13b6aecc]" started-at="2026-09-15T08:35:03 GMT-07:00" name="browserclose" finished-at="2026-09-15T08:35:03 GMT-07:00" duration-ms="1" status="PASS">
          <params>
            <param index="0">
              <value>
                <![CDATA[[TestResult name=login status=SUCCESS method=LabsshopLoginTest.login()[pri:1, instance:com.labsshop.test.LabsshopLoginTest@13b6aecc] output={null}]]]>
              </value>
            </param>
          </params>
          <reporter-output>
          </reporter-output>
        </test-method> <!-- browserclose -->
      </class> <!-- com.labsshop.test.LabsshopLoginTest -->
      <class name="com.labsshop.test.LabsshopCartTest">
        <test-method is-config="true" signature="method(java.lang.reflect.Method)[pri:0, instance:com.labsshop.test.LabsshopCartTest@79d8407f]" started-at="2026-09-15T08:35:21 GMT-07:00" name="method" finished-at="2026-09-15T08:35:21 GMT-07:00" duration-ms="13" status="PASS">
          <params>
            <param index="0">
              <value>
                <![CDATA[public void com.labsshop.test.LabsshopCartTest.cartbutton()]]>
              </value>
            </param>
          </params>
          <reporter-output>
          </reporter-output>
        </test-method> <!-- method -->
        <test-method signature="cartbutton()[pri:1, instance:com.labsshop.test.LabsshopCartTest@79d8407f]" started-at="2026-09-15T08:35:21 GMT-07:00" name="cartbutton" finished-at="2026-09-15T08:35:21 GMT-07:00" duration-ms="498" status="PASS">
          <reporter-output>
          </reporter-output>
        </test-method> <!-- cartbutton -->
        <test-method is-config="true" signature="browserclose(org.testng.ITestResult)[pri:0, instance:com.labsshop.test.LabsshopCartTest@79d8407f]" started-at="2026-09-15T08:35:21 GMT-07:00" name="browserclose" finished-at="2026-09-15T08:35:21 GMT-07:00" duration-ms="1" status="PASS">
          <params>
            <param index="0">
              <value>
                <![CDATA[[TestResult name=cartbutton status=SUCCESS method=LabsshopCartTest.cartbutton()[pri:1, instance:com.labsshop.test.LabsshopCartTest@79d8407f] output={null}]]]>
              </value>
            </param>
          </params>
          <reporter-output>
          </reporter-output>
        </test-method> <!-- browserclose -->
        <test-method is-config="true" signature="method(java.lang.reflect.Method)[pri:0, instance:com.labsshop.test.LabsshopCartTest@79d8407f]" started-at="2026-09-15T08:35:21 GMT-07:00" name="method" finished-at="2026-09-15T08:35:21 GMT-07:00" duration-ms="2" status="PASS">
          <params>
            <param index="0">
              <value>
                <![CDATA[public void com.labsshop.test.LabsshopCartTest.removebutton()]]>
              </value>
            </param>
          </params>
          <reporter-output>
          </reporter-output>
        </test-method> <!-- method -->
        <test-method signature="removebutton()[pri:2, instance:com.labsshop.test.LabsshopCartTest@79d8407f]" started-at="2026-09-15T08:35:21 GMT-07:00" name="removebutton" finished-at="2026-09-15T08:35:21 GMT-07:00" duration-ms="43" status="PASS">
          <reporter-output>
          </reporter-output>
        </test-method> <!-- removebutton -->
        <test-method is-config="true" signature="browserclose(org.testng.ITestResult)[pri:0, instance:com.labsshop.test.LabsshopCartTest@79d8407f]" started-at="2026-09-15T08:35:21 GMT-07:00" name="browserclose" finished-at="2026-09-15T08:35:21 GMT-07:00" duration-ms="1" status="PASS">
          <params>
            <param index="0">
              <value>
                <![CDATA[[TestResult name=removebutton status=SUCCESS method=LabsshopCartTest.removebutton()[pri:2, instance:com.labsshop.test.LabsshopCartTest@79d8407f] output={null}]]]>
              </value>
            </param>
          </params>
          <reporter-output>
          </reporter-output>
        </test-method> <!-- browserclose -->
        <test-method is-config="true" signature="method(java.lang.reflect.Method)[pri:0, instance:com.labsshop.test.LabsshopCartTest@79d8407f]" started-at="2026-09-15T08:35:21 GMT-07:00" name="method" finished-at="2026-09-15T08:35:21 GMT-07:00" duration-ms="2" status="PASS">
          <params>
            <param index="0">
              <value>
                <![CDATA[public void com.labsshop.test.LabsshopCartTest.quantityup()]]>
              </value>
            </param>
          </params>
          <reporter-output>
          </reporter-output>
        </test-method> <!-- method -->
        <test-method signature="quantityup()[pri:3, instance:com.labsshop.test.LabsshopCartTest@79d8407f]" started-at="2026-09-15T08:35:21 GMT-07:00" name="quantityup" finished-at="2026-09-15T08:35:22 GMT-07:00" duration-ms="390" status="PASS">
          <reporter-output>
          </reporter-output>
        </test-method> <!-- quantityup -->
        <test-method is-config="true" signature="browserclose(org.testng.ITestResult)[pri:0, instance:com.labsshop.test.LabsshopCartTest@79d8407f]" started-at="2026-09-15T08:35:22 GMT-07:00" name="browserclose" finished-at="2026-09-15T08:35:22 GMT-07:00" duration-ms="2" status="PASS">
          <params>
            <param index="0">
              <value>
                <![CDATA[[TestResult name=quantityup status=SUCCESS method=LabsshopCartTest.quantityup()[pri:3, instance:com.labsshop.test.LabsshopCartTest@79d8407f] output={null}]]]>
              </value>
            </param>
          </params>
          <reporter-output>
          </reporter-output>
        </test-method> <!-- browserclose -->
        <test-method is-config="true" signature="method(java.lang.reflect.Method)[pri:0, instance:com.labsshop.test.LabsshopCartTest@79d8407f]" started-at="2026-09-15T08:35:22 GMT-07:00" name="method" finished-at="2026-09-15T08:35:22 GMT-07:00" duration-ms="3" status="PASS">
          <params>
            <param index="0">
              <value>
                <![CDATA[public void com.labsshop.test.LabsshopCartTest.Totalamount()]]>
              </value>
            </param>
          </params>
          <reporter-output>
          </reporter-output>
        </test-method> <!-- method -->
        <test-method signature="Totalamount()[pri:4, instance:com.labsshop.test.LabsshopCartTest@79d8407f]" started-at="2026-09-15T08:35:22 GMT-07:00" name="Totalamount" finished-at="2026-09-15T08:35:23 GMT-07:00" duration-ms="1762" status="PASS">
          <reporter-output>
          </reporter-output>
        </test-method> <!-- Totalamount -->
        <test-method is-config="true" signature="browserclose(org.testng.ITestResult)[pri:0, instance:com.labsshop.test.LabsshopCartTest@79d8407f]" started-at="2026-09-15T08:35:23 GMT-07:00" name="browserclose" finished-at="2026-09-15T08:35:23 GMT-07:00" duration-ms="1" status="PASS">
          <params>
            <param index="0">
              <value>
                <![CDATA[[TestResult name=Totalamount status=SUCCESS method=LabsshopCartTest.Totalamount()[pri:4, instance:com.labsshop.test.LabsshopCartTest@79d8407f] output={null}]]]>
              </value>
            </param>
          </params>
          <reporter-output>
          </reporter-output>
        </test-method> <!-- browserclose -->
        <test-method is-config="true" signature="method(java.lang.reflect.Method)[pri:0, instance:com.labsshop.test.LabsshopCartTest@79d8407f]" started-at="2026-09-15T08:35:23 GMT-07:00" name="method" finished-at="2026-09-15T08:35:23 GMT-07:00" duration-ms="3" status="PASS">
          <params>
            <param index="0">
              <value>
                <![CDATA[public void com.labsshop.test.LabsshopCartTest.checkoutbutton()]]>
              </value>
            </param>
          </params>
          <reporter-output>
          </reporter-output>
        </test-method> <!-- method -->
        <test-method signature="checkoutbutton()[pri:5, instance:com.labsshop.test.LabsshopCartTest@79d8407f]" started-at="2026-09-15T08:35:23 GMT-07:00" name="checkoutbutton" finished-at="2026-09-15T08:35:24 GMT-07:00" duration-ms="250" status="PASS">
          <reporter-output>
          </reporter-output>
        </test-method> <!-- checkoutbutton -->
        <test-method is-config="true" signature="browserclose(org.testng.ITestResult)[pri:0, instance:com.labsshop.test.LabsshopCartTest@79d8407f]" started-at="2026-09-15T08:35:24 GMT-07:00" name="browserclose" finished-at="2026-09-15T08:35:24 GMT-07:00" duration-ms="2" status="PASS">
          <params>
            <param index="0">
              <value>
                <![CDATA[[TestResult name=checkoutbutton status=SUCCESS method=LabsshopCartTest.checkoutbutton()[pri:5, instance:com.labsshop.test.LabsshopCartTest@79d8407f] output={null}]]]>
              </value>
            </param>
          </params>
          <reporter-output>
          </reporter-output>
        </test-method> <!-- browserclose -->
      </class> <!-- com.labsshop.test.LabsshopCartTest -->
      <class name="com.labsshop.test.LabsshopRegisterTest">
        <test-method is-config="true" signature="method(java.lang.reflect.Method)[pri:0, instance:com.labsshop.test.LabsshopRegisterTest@7d8704ef]" started-at="2026-09-15T08:34:47 GMT-07:00" name="method" finished-at="2026-09-15T08:34:47 GMT-07:00" duration-ms="9" status="PASS">
          <params>
            <param index="0">
              <value>
                <![CDATA[public void com.labsshop.test.LabsshopRegisterTest.register()]]>
              </value>
            </param>
          </params>
          <reporter-output>
          </reporter-output>
        </test-method> <!-- method -->
        <test-method signature="register()[pri:1, instance:com.labsshop.test.LabsshopRegisterTest@7d8704ef]" started-at="2026-09-15T08:34:47 GMT-07:00" name="register" finished-at="2026-09-15T08:34:49 GMT-07:00" duration-ms="2342" status="PASS">
          <reporter-output>
          </reporter-output>
        </test-method> <!-- register -->
        <test-method is-config="true" signature="browserclose(org.testng.ITestResult)[pri:0, instance:com.labsshop.test.LabsshopRegisterTest@7d8704ef]" started-at="2026-09-15T08:34:49 GMT-07:00" name="browserclose" finished-at="2026-09-15T08:34:49 GMT-07:00" duration-ms="5" status="PASS">
          <params>
            <param index="0">
              <value>
                <![CDATA[[TestResult name=register status=SUCCESS method=LabsshopRegisterTest.register()[pri:1, instance:com.labsshop.test.LabsshopRegisterTest@7d8704ef] output={null}]]]>
              </value>
            </param>
          </params>
          <reporter-output>
          </reporter-output>
        </test-method> <!-- browserclose -->
        <test-method is-config="true" signature="method(java.lang.reflect.Method)[pri:0, instance:com.labsshop.test.LabsshopRegisterTest@7d8704ef]" started-at="2026-09-15T08:34:49 GMT-07:00" name="method" finished-at="2026-09-15T08:34:49 GMT-07:00" duration-ms="13" status="PASS">
          <params>
            <param index="0">
              <value>
                <![CDATA[public void com.labsshop.test.LabsshopRegisterTest.form()]]>
              </value>
            </param>
          </params>
          <reporter-output>
          </reporter-output>
        </test-method> <!-- method -->
        <test-method signature="form()[pri:2, instance:com.labsshop.test.LabsshopRegisterTest@7d8704ef]" started-at="2026-09-15T08:34:49 GMT-07:00" name="form" finished-at="2026-09-15T08:34:58 GMT-07:00" duration-ms="9205" status="PASS">
          <reporter-output>
          </reporter-output>
        </test-method> <!-- form -->
        <test-method is-config="true" signature="browserclose(org.testng.ITestResult)[pri:0, instance:com.labsshop.test.LabsshopRegisterTest@7d8704ef]" started-at="2026-09-15T08:34:58 GMT-07:00" name="browserclose" finished-at="2026-09-15T08:34:58 GMT-07:00" duration-ms="1" status="PASS">
          <params>
            <param index="0">
              <value>
                <![CDATA[[TestResult name=form status=SUCCESS method=LabsshopRegisterTest.form()[pri:2, instance:com.labsshop.test.LabsshopRegisterTest@7d8704ef] output={null}]]]>
              </value>
            </param>
          </params>
          <reporter-output>
          </reporter-output>
        </test-method> <!-- browserclose -->
        <test-method is-config="true" signature="method(java.lang.reflect.Method)[pri:0, instance:com.labsshop.test.LabsshopRegisterTest@7d8704ef]" started-at="2026-09-15T08:34:58 GMT-07:00" name="method" finished-at="2026-09-15T08:34:58 GMT-07:00" duration-ms="7" status="PASS">
          <params>
            <param index="0">
              <value>
                <![CDATA[public void com.labsshop.test.LabsshopRegisterTest.pw()]]>
              </value>
            </param>
          </params>
          <reporter-output>
          </reporter-output>
        </test-method> <!-- method -->
        <test-method signature="pw()[pri:3, instance:com.labsshop.test.LabsshopRegisterTest@7d8704ef]" started-at="2026-09-15T08:34:58 GMT-07:00" name="pw" finished-at="2026-09-15T08:35:00 GMT-07:00" duration-ms="1527" status="PASS">
          <reporter-output>
          </reporter-output>
        </test-method> <!-- pw -->
        <test-method is-config="true" signature="browserclose(org.testng.ITestResult)[pri:0, instance:com.labsshop.test.LabsshopRegisterTest@7d8704ef]" started-at="2026-09-15T08:35:00 GMT-07:00" name="browserclose" finished-at="2026-09-15T08:35:00 GMT-07:00" duration-ms="2" status="PASS">
          <params>
            <param index="0">
              <value>
                <![CDATA[[TestResult name=pw status=SUCCESS method=LabsshopRegisterTest.pw()[pri:3, instance:com.labsshop.test.LabsshopRegisterTest@7d8704ef] output={null}]]]>
              </value>
            </param>
          </params>
          <reporter-output>
          </reporter-output>
        </test-method> <!-- browserclose -->
        <test-method is-config="true" signature="method(java.lang.reflect.Method)[pri:0, instance:com.labsshop.test.LabsshopRegisterTest@7d8704ef]" started-at="2026-09-15T08:35:00 GMT-07:00" name="method" finished-at="2026-09-15T08:35:00 GMT-07:00" duration-ms="4" status="PASS">
          <params>
            <param index="0">
              <value>
                <![CDATA[public void com.labsshop.test.LabsshopRegisterTest.regbutton()]]>
              </value>
            </param>
          </params>
          <reporter-output>
          </reporter-output>
        </test-method> <!-- method -->
        <test-method signature="regbutton()[pri:4, instance:com.labsshop.test.LabsshopRegisterTest@7d8704ef]" started-at="2026-09-15T08:35:00 GMT-07:00" name="regbutton" finished-at="2026-09-15T08:35:00 GMT-07:00" duration-ms="590" status="PASS">
          <reporter-output>
          </reporter-output>
        </test-method> <!-- regbutton -->
        <test-method is-config="true" signature="browserclose(org.testng.ITestResult)[pri:0, instance:com.labsshop.test.LabsshopRegisterTest@7d8704ef]" started-at="2026-09-15T08:35:00 GMT-07:00" name="browserclose" finished-at="2026-09-15T08:35:00 GMT-07:00" duration-ms="3" status="PASS">
          <params>
            <param index="0">
              <value>
                <![CDATA[[TestResult name=regbutton status=SUCCESS method=LabsshopRegisterTest.regbutton()[pri:4, instance:com.labsshop.test.LabsshopRegisterTest@7d8704ef] output={null}]]]>
              </value>
            </param>
          </params>
          <reporter-output>
          </reporter-output>
        </test-method> <!-- browserclose -->
      </class> <!-- com.labsshop.test.LabsshopRegisterTest -->
    </test> <!-- Test -->
  </suite> <!-- Suite -->
</testng-results>
