<?xml version="1.0" encoding="UTF-8"?>
<testng-results ignored="0" total="27" passed="27" failed="0" skipped="0">
  <reporter-output>
  </reporter-output>
  <suite started-at="2026-09-13T00:27:26 GMT-07:00" name="Suite" finished-at="2026-09-13T00:29:18 GMT-07:00" duration-ms="112357">
    <groups>
    </groups>
    <test started-at="2026-09-13T00:27:26 GMT-07:00" name="Test" finished-at="2026-09-13T00:29:18 GMT-07:00" duration-ms="112357">
      <class name="utility.Datadriven">
        <test-method is-config="true" signature="SetUp()[pri:0, instance:utility.Datadriven@305b7c14]" started-at="2026-09-13T00:27:26 GMT-07:00" name="SetUp" finished-at="2026-09-13T00:27:41 GMT-07:00" duration-ms="15622" status="PASS">
          <reporter-output>
          </reporter-output>
        </test-method> <!-- SetUp -->
        <test-method is-config="true" signature="setup()[pri:0, instance:utility.Datadriven@305b7c14]" started-at="2026-09-13T00:27:41 GMT-07:00" name="setup" finished-at="2026-09-13T00:28:17 GMT-07:00" depends-on-methods="com.labsshop.base.LabsshopBaseClass.SetUp" duration-ms="35495" status="PASS">
          <reporter-output>
          </reporter-output>
        </test-method> <!-- setup -->
        <test-method is-config="true" signature="method(java.lang.reflect.Method)[pri:0, instance:utility.Datadriven@305b7c14]" started-at="2026-09-13T00:28:38 GMT-07:00" name="method" finished-at="2026-09-13T00:28:38 GMT-07:00" duration-ms="470" status="PASS">
          <params>
            <param index="0">
              <value>
                <![CDATA[public void utility.Datadriven.loginTest(java.lang.String,java.lang.String)]]>
              </value>
            </param>
          </params>
          <reporter-output>
          </reporter-output>
        </test-method> <!-- method -->
        <test-method signature="loginTest(java.lang.String,java.lang.String)[pri:0, instance:utility.Datadriven@305b7c14]" started-at="2026-09-13T00:28:38 GMT-07:00" name="loginTest" data-provider="invalidloginData" finished-at="2026-09-13T00:28:39 GMT-07:00" duration-ms="1279" status="PASS">
          <params>
            <param index="0">
              <value>
                <![CDATA[silnajohns@gmail.com]]>
              </value>
            </param>
            <param index="1">
              <value>
                <![CDATA[123456]]>
              </value>
            </param>
          </params>
          <reporter-output>
          </reporter-output>
        </test-method> <!-- loginTest -->
        <test-method is-config="true" signature="browserclose(org.testng.ITestResult)[pri:0, instance:utility.Datadriven@305b7c14]" started-at="2026-09-13T00:28:39 GMT-07:00" name="browserclose" finished-at="2026-09-13T00:28:39 GMT-07:00" duration-ms="13" status="PASS">
          <params>
            <param index="0">
              <value>
                <![CDATA[[TestResult name=loginTest status=SUCCESS method=Datadriven.loginTest(java.lang.String,java.lang.String)[pri:0, instance:utility.Datadriven@305b7c14] output={null}]]]>
              </value>
            </param>
          </params>
          <reporter-output>
          </reporter-output>
        </test-method> <!-- browserclose -->
        <test-method is-config="true" signature="method(java.lang.reflect.Method)[pri:0, instance:utility.Datadriven@305b7c14]" started-at="2026-09-13T00:28:39 GMT-07:00" name="method" finished-at="2026-09-13T00:28:39 GMT-07:00" duration-ms="10" status="PASS">
          <params>
            <param index="0">
              <value>
                <![CDATA[public void utility.Datadriven.loginTest(java.lang.String,java.lang.String)]]>
              </value>
            </param>
          </params>
          <reporter-output>
          </reporter-output>
        </test-method> <!-- method -->
        <test-method signature="loginTest(java.lang.String,java.lang.String)[pri:0, instance:utility.Datadriven@305b7c14]" started-at="2026-09-13T00:28:39 GMT-07:00" name="loginTest" data-provider="invalidloginData" finished-at="2026-09-13T00:28:40 GMT-07:00" duration-ms="755" status="PASS">
          <params>
            <param index="0">
              <value>
                <![CDATA[abc@gmail.com]]>
              </value>
            </param>
            <param index="1">
              <value>
                <![CDATA[abcd]]>
              </value>
            </param>
          </params>
          <reporter-output>
          </reporter-output>
        </test-method> <!-- loginTest -->
        <test-method is-config="true" signature="browserclose(org.testng.ITestResult)[pri:0, instance:utility.Datadriven@305b7c14]" started-at="2026-09-13T00:28:40 GMT-07:00" name="browserclose" finished-at="2026-09-13T00:28:40 GMT-07:00" duration-ms="1" status="PASS">
          <params>
            <param index="0">
              <value>
                <![CDATA[[TestResult name=loginTest status=SUCCESS method=Datadriven.loginTest(java.lang.String,java.lang.String)[pri:0, instance:utility.Datadriven@305b7c14] output={null}]]]>
              </value>
            </param>
          </params>
          <reporter-output>
          </reporter-output>
        </test-method> <!-- browserclose -->
        <test-method is-config="true" signature="method(java.lang.reflect.Method)[pri:0, instance:utility.Datadriven@305b7c14]" started-at="2026-09-13T00:28:40 GMT-07:00" name="method" finished-at="2026-09-13T00:28:40 GMT-07:00" duration-ms="5" status="PASS">
          <params>
            <param index="0">
              <value>
                <![CDATA[public void utility.Datadriven.loginTest(java.lang.String,java.lang.String)]]>
              </value>
            </param>
          </params>
          <reporter-output>
          </reporter-output>
        </test-method> <!-- method -->
        <test-method signature="loginTest(java.lang.String,java.lang.String)[pri:0, instance:utility.Datadriven@305b7c14]" started-at="2026-09-13T00:28:40 GMT-07:00" name="loginTest" data-provider="invalidloginData" finished-at="2026-09-13T00:28:41 GMT-07:00" duration-ms="476" status="PASS">
          <params>
            <param index="0">
              <value>
                <![CDATA[silna@gmail.com]]>
              </value>
            </param>
            <param index="1">
              <value>
                <![CDATA[silna]]>
              </value>
            </param>
          </params>
          <reporter-output>
          </reporter-output>
        </test-method> <!-- loginTest -->
        <test-method is-config="true" signature="browserclose(org.testng.ITestResult)[pri:0, instance:utility.Datadriven@305b7c14]" started-at="2026-09-13T00:28:41 GMT-07:00" name="browserclose" finished-at="2026-09-13T00:28:41 GMT-07:00" duration-ms="1" status="PASS">
          <params>
            <param index="0">
              <value>
                <![CDATA[[TestResult name=loginTest status=SUCCESS method=Datadriven.loginTest(java.lang.String,java.lang.String)[pri:0, instance:utility.Datadriven@305b7c14] output={null}]]]>
              </value>
            </param>
          </params>
          <reporter-output>
          </reporter-output>
        </test-method> <!-- browserclose -->
        <test-method is-config="true" signature="close()[pri:0, instance:utility.Datadriven@305b7c14]" started-at="2026-09-13T00:29:11 GMT-07:00" name="close" finished-at="2026-09-13T00:29:15 GMT-07:00" duration-ms="3575" status="PASS">
          <reporter-output>
          </reporter-output>
        </test-method> <!-- close -->
        <test-method is-config="true" signature="teardown()[pri:0, instance:utility.Datadriven@305b7c14]" started-at="2026-09-13T00:29:15 GMT-07:00" name="teardown" finished-at="2026-09-13T00:29:18 GMT-07:00" depends-on-methods="utility.Datadriven.close" duration-ms="3306" status="PASS">
          <reporter-output>
          </reporter-output>
        </test-method> <!-- teardown -->
      </class> <!-- utility.Datadriven -->
      <class name="com.labsshop.test.LabsshopProductTest">
        <test-method is-config="true" signature="method(java.lang.reflect.Method)[pri:0, instance:com.labsshop.test.LabsshopProductTest@3c3d9b6b]" started-at="2026-09-13T00:28:55 GMT-07:00" name="method" finished-at="2026-09-13T00:28:55 GMT-07:00" duration-ms="7" status="PASS">
          <params>
            <param index="0">
              <value>
                <![CDATA[public void com.labsshop.test.LabsshopProductTest.filter1()]]>
              </value>
            </param>
          </params>
          <reporter-output>
          </reporter-output>
        </test-method> <!-- method -->
        <test-method signature="filter1()[pri:1, instance:com.labsshop.test.LabsshopProductTest@3c3d9b6b]" started-at="2026-09-13T00:28:55 GMT-07:00" name="filter1" finished-at="2026-09-13T00:28:55 GMT-07:00" duration-ms="102" status="PASS">
          <reporter-output>
          </reporter-output>
        </test-method> <!-- filter1 -->
        <test-method is-config="true" signature="browserclose(org.testng.ITestResult)[pri:0, instance:com.labsshop.test.LabsshopProductTest@3c3d9b6b]" started-at="2026-09-13T00:28:55 GMT-07:00" name="browserclose" finished-at="2026-09-13T00:28:55 GMT-07:00" duration-ms="0" status="PASS">
          <params>
            <param index="0">
              <value>
                <![CDATA[[TestResult name=filter1 status=SUCCESS method=LabsshopProductTest.filter1()[pri:1, instance:com.labsshop.test.LabsshopProductTest@3c3d9b6b] output={null}]]]>
              </value>
            </param>
          </params>
          <reporter-output>
          </reporter-output>
        </test-method> <!-- browserclose -->
        <test-method is-config="true" signature="method(java.lang.reflect.Method)[pri:0, instance:com.labsshop.test.LabsshopProductTest@3c3d9b6b]" started-at="2026-09-13T00:28:55 GMT-07:00" name="method" finished-at="2026-09-13T00:28:55 GMT-07:00" duration-ms="2" status="PASS">
          <params>
            <param index="0">
              <value>
                <![CDATA[public void com.labsshop.test.LabsshopProductTest.filter2()]]>
              </value>
            </param>
          </params>
          <reporter-output>
          </reporter-output>
        </test-method> <!-- method -->
        <test-method signature="filter2()[pri:2, instance:com.labsshop.test.LabsshopProductTest@3c3d9b6b]" started-at="2026-09-13T00:28:55 GMT-07:00" name="filter2" finished-at="2026-09-13T00:28:55 GMT-07:00" duration-ms="95" status="PASS">
          <reporter-output>
          </reporter-output>
        </test-method> <!-- filter2 -->
        <test-method is-config="true" signature="browserclose(org.testng.ITestResult)[pri:0, instance:com.labsshop.test.LabsshopProductTest@3c3d9b6b]" started-at="2026-09-13T00:28:55 GMT-07:00" name="browserclose" finished-at="2026-09-13T00:28:55 GMT-07:00" duration-ms="1" status="PASS">
          <params>
            <param index="0">
              <value>
                <![CDATA[[TestResult name=filter2 status=SUCCESS method=LabsshopProductTest.filter2()[pri:2, instance:com.labsshop.test.LabsshopProductTest@3c3d9b6b] output={null}]]]>
              </value>
            </param>
          </params>
          <reporter-output>
          </reporter-output>
        </test-method> <!-- browserclose -->
        <test-method is-config="true" signature="method(java.lang.reflect.Method)[pri:0, instance:com.labsshop.test.LabsshopProductTest@3c3d9b6b]" started-at="2026-09-13T00:28:55 GMT-07:00" name="method" finished-at="2026-09-13T00:28:55 GMT-07:00" duration-ms="3" status="PASS">
          <params>
            <param index="0">
              <value>
                <![CDATA[public void com.labsshop.test.LabsshopProductTest.dropdown()]]>
              </value>
            </param>
          </params>
          <reporter-output>
          </reporter-output>
        </test-method> <!-- method -->
        <test-method signature="dropdown()[pri:3, instance:com.labsshop.test.LabsshopProductTest@3c3d9b6b]" started-at="2026-09-13T00:28:55 GMT-07:00" name="dropdown" finished-at="2026-09-13T00:28:56 GMT-07:00" duration-ms="132" status="PASS">
          <reporter-output>
          </reporter-output>
        </test-method> <!-- dropdown -->
        <test-method is-config="true" signature="browserclose(org.testng.ITestResult)[pri:0, instance:com.labsshop.test.LabsshopProductTest@3c3d9b6b]" started-at="2026-09-13T00:28:56 GMT-07:00" name="browserclose" finished-at="2026-09-13T00:28:56 GMT-07:00" duration-ms="1" status="PASS">
          <params>
            <param index="0">
              <value>
                <![CDATA[[TestResult name=dropdown status=SUCCESS method=LabsshopProductTest.dropdown()[pri:3, instance:com.labsshop.test.LabsshopProductTest@3c3d9b6b] output={null}]]]>
              </value>
            </param>
          </params>
          <reporter-output>
          </reporter-output>
        </test-method> <!-- browserclose -->
        <test-method is-config="true" signature="method(java.lang.reflect.Method)[pri:0, instance:com.labsshop.test.LabsshopProductTest@3c3d9b6b]" started-at="2026-09-13T00:28:56 GMT-07:00" name="method" finished-at="2026-09-13T00:28:56 GMT-07:00" duration-ms="3" status="PASS">
          <params>
            <param index="0">
              <value>
                <![CDATA[public void com.labsshop.test.LabsshopProductTest.addcartbtn()]]>
              </value>
            </param>
          </params>
          <reporter-output>
          </reporter-output>
        </test-method> <!-- method -->
        <test-method signature="addcartbtn()[pri:4, instance:com.labsshop.test.LabsshopProductTest@3c3d9b6b]" started-at="2026-09-13T00:28:56 GMT-07:00" name="addcartbtn" finished-at="2026-09-13T00:28:59 GMT-07:00" duration-ms="3025" status="PASS">
          <reporter-output>
          </reporter-output>
        </test-method> <!-- addcartbtn -->
        <test-method is-config="true" signature="browserclose(org.testng.ITestResult)[pri:0, instance:com.labsshop.test.LabsshopProductTest@3c3d9b6b]" started-at="2026-09-13T00:28:59 GMT-07:00" name="browserclose" finished-at="2026-09-13T00:28:59 GMT-07:00" duration-ms="12" status="PASS">
          <params>
            <param index="0">
              <value>
                <![CDATA[[TestResult name=addcartbtn status=SUCCESS method=LabsshopProductTest.addcartbtn()[pri:4, instance:com.labsshop.test.LabsshopProductTest@3c3d9b6b] output={null}]]]>
              </value>
            </param>
          </params>
          <reporter-output>
          </reporter-output>
        </test-method> <!-- browserclose -->
      </class> <!-- com.labsshop.test.LabsshopProductTest -->
      <class name="com.labsshop.test.LabsshopHomeTest">
        <test-method is-config="true" signature="method(java.lang.reflect.Method)[pri:0, instance:com.labsshop.test.LabsshopHomeTest@158a8276]" started-at="2026-09-13T00:28:53 GMT-07:00" name="method" finished-at="2026-09-13T00:28:53 GMT-07:00" duration-ms="4" status="PASS">
          <params>
            <param index="0">
              <value>
                <![CDATA[public void com.labsshop.test.LabsshopHomeTest.shopnowbtn()]]>
              </value>
            </param>
          </params>
          <reporter-output>
          </reporter-output>
        </test-method> <!-- method -->
        <test-method signature="shopnowbtn()[pri:1, instance:com.labsshop.test.LabsshopHomeTest@158a8276]" started-at="2026-09-13T00:28:53 GMT-07:00" name="shopnowbtn" finished-at="2026-09-13T00:28:54 GMT-07:00" duration-ms="409" status="PASS">
          <reporter-output>
          </reporter-output>
        </test-method> <!-- shopnowbtn -->
        <test-method is-config="true" signature="browserclose(org.testng.ITestResult)[pri:0, instance:com.labsshop.test.LabsshopHomeTest@158a8276]" started-at="2026-09-13T00:28:54 GMT-07:00" name="browserclose" finished-at="2026-09-13T00:28:54 GMT-07:00" duration-ms="2" status="PASS">
          <params>
            <param index="0">
              <value>
                <![CDATA[[TestResult name=shopnowbtn status=SUCCESS method=LabsshopHomeTest.shopnowbtn()[pri:1, instance:com.labsshop.test.LabsshopHomeTest@158a8276] output={null}]]]>
              </value>
            </param>
          </params>
          <reporter-output>
          </reporter-output>
        </test-method> <!-- browserclose -->
        <test-method is-config="true" signature="method(java.lang.reflect.Method)[pri:0, instance:com.labsshop.test.LabsshopHomeTest@158a8276]" started-at="2026-09-13T00:28:54 GMT-07:00" name="method" finished-at="2026-09-13T00:28:54 GMT-07:00" duration-ms="12" status="PASS">
          <params>
            <param index="0">
              <value>
                <![CDATA[public void com.labsshop.test.LabsshopHomeTest.goback()]]>
              </value>
            </param>
          </params>
          <reporter-output>
          </reporter-output>
        </test-method> <!-- method -->
        <test-method signature="goback()[pri:2, instance:com.labsshop.test.LabsshopHomeTest@158a8276]" started-at="2026-09-13T00:28:54 GMT-07:00" name="goback" finished-at="2026-09-13T00:28:54 GMT-07:00" duration-ms="453" status="PASS">
          <reporter-output>
          </reporter-output>
        </test-method> <!-- goback -->
        <test-method is-config="true" signature="browserclose(org.testng.ITestResult)[pri:0, instance:com.labsshop.test.LabsshopHomeTest@158a8276]" started-at="2026-09-13T00:28:54 GMT-07:00" name="browserclose" finished-at="2026-09-13T00:28:54 GMT-07:00" duration-ms="0" status="PASS">
          <params>
            <param index="0">
              <value>
                <![CDATA[[TestResult name=goback status=SUCCESS method=LabsshopHomeTest.goback()[pri:2, instance:com.labsshop.test.LabsshopHomeTest@158a8276] output={null}]]]>
              </value>
            </param>
          </params>
          <reporter-output>
          </reporter-output>
        </test-method> <!-- browserclose -->
        <test-method is-config="true" signature="method(java.lang.reflect.Method)[pri:0, instance:com.labsshop.test.LabsshopHomeTest@158a8276]" started-at="2026-09-13T00:28:54 GMT-07:00" name="method" finished-at="2026-09-13T00:28:54 GMT-07:00" duration-ms="6" status="PASS">
          <params>
            <param index="0">
              <value>
                <![CDATA[public void com.labsshop.test.LabsshopHomeTest.linkcount()]]>
              </value>
            </param>
          </params>
          <reporter-output>
          </reporter-output>
        </test-method> <!-- method -->
        <test-method signature="linkcount()[pri:3, instance:com.labsshop.test.LabsshopHomeTest@158a8276]" started-at="2026-09-13T00:28:54 GMT-07:00" name="linkcount" finished-at="2026-09-13T00:28:54 GMT-07:00" duration-ms="41" status="PASS">
          <reporter-output>
          </reporter-output>
        </test-method> <!-- linkcount -->
        <test-method is-config="true" signature="browserclose(org.testng.ITestResult)[pri:0, instance:com.labsshop.test.LabsshopHomeTest@158a8276]" started-at="2026-09-13T00:28:54 GMT-07:00" name="browserclose" finished-at="2026-09-13T00:28:54 GMT-07:00" duration-ms="1" status="PASS">
          <params>
            <param index="0">
              <value>
                <![CDATA[[TestResult name=linkcount status=SUCCESS method=LabsshopHomeTest.linkcount()[pri:3, instance:com.labsshop.test.LabsshopHomeTest@158a8276] output={null}]]]>
              </value>
            </param>
          </params>
          <reporter-output>
          </reporter-output>
        </test-method> <!-- browserclose -->
        <test-method is-config="true" signature="method(java.lang.reflect.Method)[pri:0, instance:com.labsshop.test.LabsshopHomeTest@158a8276]" started-at="2026-09-13T00:28:54 GMT-07:00" name="method" finished-at="2026-09-13T00:28:54 GMT-07:00" duration-ms="2" status="PASS">
          <params>
            <param index="0">
              <value>
                <![CDATA[public void com.labsshop.test.LabsshopHomeTest.logoname()]]>
              </value>
            </param>
          </params>
          <reporter-output>
          </reporter-output>
        </test-method> <!-- method -->
        <test-method signature="logoname()[pri:4, instance:com.labsshop.test.LabsshopHomeTest@158a8276]" started-at="2026-09-13T00:28:54 GMT-07:00" name="logoname" finished-at="2026-09-13T00:28:55 GMT-07:00" duration-ms="642" status="PASS">
          <reporter-output>
          </reporter-output>
        </test-method> <!-- logoname -->
        <test-method is-config="true" signature="browserclose(org.testng.ITestResult)[pri:0, instance:com.labsshop.test.LabsshopHomeTest@158a8276]" started-at="2026-09-13T00:28:55 GMT-07:00" name="browserclose" finished-at="2026-09-13T00:28:55 GMT-07:00" duration-ms="1" status="PASS">
          <params>
            <param index="0">
              <value>
                <![CDATA[[TestResult name=logoname status=SUCCESS method=LabsshopHomeTest.logoname()[pri:4, instance:com.labsshop.test.LabsshopHomeTest@158a8276] output={null}]]]>
              </value>
            </param>
          </params>
          <reporter-output>
          </reporter-output>
        </test-method> <!-- browserclose -->
        <test-method is-config="true" signature="method(java.lang.reflect.Method)[pri:0, instance:com.labsshop.test.LabsshopHomeTest@158a8276]" started-at="2026-09-13T00:28:55 GMT-07:00" name="method" finished-at="2026-09-13T00:28:55 GMT-07:00" duration-ms="5" status="PASS">
          <params>
            <param index="0">
              <value>
                <![CDATA[public void com.labsshop.test.LabsshopHomeTest.shopelectrnow()]]>
              </value>
            </param>
          </params>
          <reporter-output>
          </reporter-output>
        </test-method> <!-- method -->
        <test-method signature="shopelectrnow()[pri:5, instance:com.labsshop.test.LabsshopHomeTest@158a8276]" started-at="2026-09-13T00:28:55 GMT-07:00" name="shopelectrnow" finished-at="2026-09-13T00:28:55 GMT-07:00" duration-ms="382" status="PASS">
          <reporter-output>
          </reporter-output>
        </test-method> <!-- shopelectrnow -->
        <test-method is-config="true" signature="browserclose(org.testng.ITestResult)[pri:0, instance:com.labsshop.test.LabsshopHomeTest@158a8276]" started-at="2026-09-13T00:28:55 GMT-07:00" name="browserclose" finished-at="2026-09-13T00:28:55 GMT-07:00" duration-ms="2" status="PASS">
          <params>
            <param index="0">
              <value>
                <![CDATA[[TestResult name=shopelectrnow status=SUCCESS method=LabsshopHomeTest.shopelectrnow()[pri:5, instance:com.labsshop.test.LabsshopHomeTest@158a8276] output={null}]]]>
              </value>
            </param>
          </params>
          <reporter-output>
          </reporter-output>
        </test-method> <!-- browserclose -->
      </class> <!-- com.labsshop.test.LabsshopHomeTest -->
      <class name="com.labsshop.test.LabsshopCheckoutTest">
        <test-method is-config="true" signature="method(java.lang.reflect.Method)[pri:0, instance:com.labsshop.test.LabsshopCheckoutTest@5fbe4146]" started-at="2026-09-13T00:29:01 GMT-07:00" name="method" finished-at="2026-09-13T00:29:01 GMT-07:00" duration-ms="2" status="PASS">
          <params>
            <param index="0">
              <value>
                <![CDATA[public void com.labsshop.test.LabsshopCheckoutTest.fieldvalues()]]>
              </value>
            </param>
          </params>
          <reporter-output>
          </reporter-output>
        </test-method> <!-- method -->
        <test-method signature="fieldvalues()[pri:1, instance:com.labsshop.test.LabsshopCheckoutTest@5fbe4146]" started-at="2026-09-13T00:29:01 GMT-07:00" name="fieldvalues" finished-at="2026-09-13T00:29:02 GMT-07:00" duration-ms="1308" status="PASS">
          <reporter-output>
          </reporter-output>
        </test-method> <!-- fieldvalues -->
        <test-method is-config="true" signature="browserclose(org.testng.ITestResult)[pri:0, instance:com.labsshop.test.LabsshopCheckoutTest@5fbe4146]" started-at="2026-09-13T00:29:02 GMT-07:00" name="browserclose" finished-at="2026-09-13T00:29:02 GMT-07:00" duration-ms="1" status="PASS">
          <params>
            <param index="0">
              <value>
                <![CDATA[[TestResult name=fieldvalues status=SUCCESS method=LabsshopCheckoutTest.fieldvalues()[pri:1, instance:com.labsshop.test.LabsshopCheckoutTest@5fbe4146] output={null}]]]>
              </value>
            </param>
          </params>
          <reporter-output>
          </reporter-output>
        </test-method> <!-- browserclose -->
        <test-method is-config="true" signature="method(java.lang.reflect.Method)[pri:0, instance:com.labsshop.test.LabsshopCheckoutTest@5fbe4146]" started-at="2026-09-13T00:29:02 GMT-07:00" name="method" finished-at="2026-09-13T00:29:02 GMT-07:00" duration-ms="1" status="PASS">
          <params>
            <param index="0">
              <value>
                <![CDATA[public void com.labsshop.test.LabsshopCheckoutTest.next()]]>
              </value>
            </param>
          </params>
          <reporter-output>
          </reporter-output>
        </test-method> <!-- method -->
        <test-method signature="next()[pri:2, instance:com.labsshop.test.LabsshopCheckoutTest@5fbe4146]" started-at="2026-09-13T00:29:02 GMT-07:00" name="next" finished-at="2026-09-13T00:29:03 GMT-07:00" duration-ms="918" status="PASS">
          <reporter-output>
          </reporter-output>
        </test-method> <!-- next -->
        <test-method is-config="true" signature="browserclose(org.testng.ITestResult)[pri:0, instance:com.labsshop.test.LabsshopCheckoutTest@5fbe4146]" started-at="2026-09-13T00:29:03 GMT-07:00" name="browserclose" finished-at="2026-09-13T00:29:03 GMT-07:00" duration-ms="1" status="PASS">
          <params>
            <param index="0">
              <value>
                <![CDATA[[TestResult name=next status=SUCCESS method=LabsshopCheckoutTest.next()[pri:2, instance:com.labsshop.test.LabsshopCheckoutTest@5fbe4146] output={null}]]]>
              </value>
            </param>
          </params>
          <reporter-output>
          </reporter-output>
        </test-method> <!-- browserclose -->
        <test-method is-config="true" signature="method(java.lang.reflect.Method)[pri:0, instance:com.labsshop.test.LabsshopCheckoutTest@5fbe4146]" started-at="2026-09-13T00:29:03 GMT-07:00" name="method" finished-at="2026-09-13T00:29:03 GMT-07:00" duration-ms="7" status="PASS">
          <params>
            <param index="0">
              <value>
                <![CDATA[public void com.labsshop.test.LabsshopCheckoutTest.orderbtn()]]>
              </value>
            </param>
          </params>
          <reporter-output>
          </reporter-output>
        </test-method> <!-- method -->
        <test-method signature="orderbtn()[pri:3, instance:com.labsshop.test.LabsshopCheckoutTest@5fbe4146]" started-at="2026-09-13T00:29:03 GMT-07:00" name="orderbtn" finished-at="2026-09-13T00:29:11 GMT-07:00" duration-ms="7373" status="PASS">
          <reporter-output>
          </reporter-output>
        </test-method> <!-- orderbtn -->
        <test-method is-config="true" signature="browserclose(org.testng.ITestResult)[pri:0, instance:com.labsshop.test.LabsshopCheckoutTest@5fbe4146]" started-at="2026-09-13T00:29:11 GMT-07:00" name="browserclose" finished-at="2026-09-13T00:29:11 GMT-07:00" duration-ms="3" status="PASS">
          <params>
            <param index="0">
              <value>
                <![CDATA[[TestResult name=orderbtn status=SUCCESS method=LabsshopCheckoutTest.orderbtn()[pri:3, instance:com.labsshop.test.LabsshopCheckoutTest@5fbe4146] output={null}]]]>
              </value>
            </param>
          </params>
          <reporter-output>
          </reporter-output>
        </test-method> <!-- browserclose -->
        <test-method is-config="true" signature="method(java.lang.reflect.Method)[pri:0, instance:com.labsshop.test.LabsshopCheckoutTest@5fbe4146]" started-at="2026-09-13T00:29:11 GMT-07:00" name="method" finished-at="2026-09-13T00:29:11 GMT-07:00" duration-ms="6" status="PASS">
          <params>
            <param index="0">
              <value>
                <![CDATA[public void com.labsshop.test.LabsshopCheckoutTest.msg()]]>
              </value>
            </param>
          </params>
          <reporter-output>
          </reporter-output>
        </test-method> <!-- method -->
        <test-method signature="msg()[pri:4, instance:com.labsshop.test.LabsshopCheckoutTest@5fbe4146]" started-at="2026-09-13T00:29:11 GMT-07:00" name="msg" finished-at="2026-09-13T00:29:11 GMT-07:00" duration-ms="41" status="PASS">
          <reporter-output>
          </reporter-output>
        </test-method> <!-- msg -->
        <test-method is-config="true" signature="browserclose(org.testng.ITestResult)[pri:0, instance:com.labsshop.test.LabsshopCheckoutTest@5fbe4146]" started-at="2026-09-13T00:29:11 GMT-07:00" name="browserclose" finished-at="2026-09-13T00:29:11 GMT-07:00" duration-ms="1" status="PASS">
          <params>
            <param index="0">
              <value>
                <![CDATA[[TestResult name=msg status=SUCCESS method=LabsshopCheckoutTest.msg()[pri:4, instance:com.labsshop.test.LabsshopCheckoutTest@5fbe4146] output={null}]]]>
              </value>
            </param>
          </params>
          <reporter-output>
          </reporter-output>
        </test-method> <!-- browserclose -->
        <test-method is-config="true" signature="method(java.lang.reflect.Method)[pri:0, instance:com.labsshop.test.LabsshopCheckoutTest@5fbe4146]" started-at="2026-09-13T00:29:11 GMT-07:00" name="method" finished-at="2026-09-13T00:29:11 GMT-07:00" duration-ms="2" status="PASS">
          <params>
            <param index="0">
              <value>
                <![CDATA[public void com.labsshop.test.LabsshopCheckoutTest.shop()]]>
              </value>
            </param>
          </params>
          <reporter-output>
          </reporter-output>
        </test-method> <!-- method -->
        <test-method signature="shop()[pri:5, instance:com.labsshop.test.LabsshopCheckoutTest@5fbe4146]" started-at="2026-09-13T00:29:11 GMT-07:00" name="shop" finished-at="2026-09-13T00:29:11 GMT-07:00" duration-ms="455" status="PASS">
          <reporter-output>
          </reporter-output>
        </test-method> <!-- shop -->
        <test-method is-config="true" signature="browserclose(org.testng.ITestResult)[pri:0, instance:com.labsshop.test.LabsshopCheckoutTest@5fbe4146]" started-at="2026-09-13T00:29:11 GMT-07:00" name="browserclose" finished-at="2026-09-13T00:29:11 GMT-07:00" duration-ms="7" status="PASS">
          <params>
            <param index="0">
              <value>
                <![CDATA[[TestResult name=shop status=SUCCESS method=LabsshopCheckoutTest.shop()[pri:5, instance:com.labsshop.test.LabsshopCheckoutTest@5fbe4146] output={null}]]]>
              </value>
            </param>
          </params>
          <reporter-output>
          </reporter-output>
        </test-method> <!-- browserclose -->
      </class> <!-- com.labsshop.test.LabsshopCheckoutTest -->
      <class name="com.labsshop.test.LabsshopLoginTest">
        <test-method is-config="true" signature="method(java.lang.reflect.Method)[pri:0, instance:com.labsshop.test.LabsshopLoginTest@13b6aecc]" started-at="2026-09-13T00:28:44 GMT-07:00" name="method" finished-at="2026-09-13T00:28:44 GMT-07:00" duration-ms="2" status="PASS">
          <params>
            <param index="0">
              <value>
                <![CDATA[public void com.labsshop.test.LabsshopLoginTest.login()]]>
              </value>
            </param>
          </params>
          <reporter-output>
          </reporter-output>
        </test-method> <!-- method -->
        <test-method signature="login()[pri:1, instance:com.labsshop.test.LabsshopLoginTest@13b6aecc]" started-at="2026-09-13T00:28:44 GMT-07:00" name="login" finished-at="2026-09-13T00:28:53 GMT-07:00" duration-ms="9324" status="PASS">
          <reporter-output>
          </reporter-output>
        </test-method> <!-- login -->
        <test-method is-config="true" signature="browserclose(org.testng.ITestResult)[pri:0, instance:com.labsshop.test.LabsshopLoginTest@13b6aecc]" started-at="2026-09-13T00:28:53 GMT-07:00" name="browserclose" finished-at="2026-09-13T00:28:53 GMT-07:00" duration-ms="1" status="PASS">
          <params>
            <param index="0">
              <value>
                <![CDATA[[TestResult name=login status=SUCCESS method=LabsshopLoginTest.login()[pri:1, instance:com.labsshop.test.LabsshopLoginTest@13b6aecc] output={null}]]]>
              </value>
            </param>
          </params>
          <reporter-output>
          </reporter-output>
        </test-method> <!-- browserclose -->
      </class> <!-- com.labsshop.test.LabsshopLoginTest -->
      <class name="com.labsshop.test.LabsshopCartTest">
        <test-method is-config="true" signature="method(java.lang.reflect.Method)[pri:0, instance:com.labsshop.test.LabsshopCartTest@79d8407f]" started-at="2026-09-13T00:28:59 GMT-07:00" name="method" finished-at="2026-09-13T00:28:59 GMT-07:00" duration-ms="3" status="PASS">
          <params>
            <param index="0">
              <value>
                <![CDATA[public void com.labsshop.test.LabsshopCartTest.cartbutton()]]>
              </value>
            </param>
          </params>
          <reporter-output>
          </reporter-output>
        </test-method> <!-- method -->
        <test-method signature="cartbutton()[pri:1, instance:com.labsshop.test.LabsshopCartTest@79d8407f]" started-at="2026-09-13T00:28:59 GMT-07:00" name="cartbutton" finished-at="2026-09-13T00:29:01 GMT-07:00" duration-ms="1951" status="PASS">
          <reporter-output>
          </reporter-output>
        </test-method> <!-- cartbutton -->
        <test-method is-config="true" signature="browserclose(org.testng.ITestResult)[pri:0, instance:com.labsshop.test.LabsshopCartTest@79d8407f]" started-at="2026-09-13T00:29:01 GMT-07:00" name="browserclose" finished-at="2026-09-13T00:29:01 GMT-07:00" duration-ms="1" status="PASS">
          <params>
            <param index="0">
              <value>
                <![CDATA[[TestResult name=cartbutton status=SUCCESS method=LabsshopCartTest.cartbutton()[pri:1, instance:com.labsshop.test.LabsshopCartTest@79d8407f] output={null}]]]>
              </value>
            </param>
          </params>
          <reporter-output>
          </reporter-output>
        </test-method> <!-- browserclose -->
        <test-method is-config="true" signature="method(java.lang.reflect.Method)[pri:0, instance:com.labsshop.test.LabsshopCartTest@79d8407f]" started-at="2026-09-13T00:29:01 GMT-07:00" name="method" finished-at="2026-09-13T00:29:01 GMT-07:00" duration-ms="2" status="PASS">
          <params>
            <param index="0">
              <value>
                <![CDATA[public void com.labsshop.test.LabsshopCartTest.removebutton()]]>
              </value>
            </param>
          </params>
          <reporter-output>
          </reporter-output>
        </test-method> <!-- method -->
        <test-method signature="removebutton()[pri:2, instance:com.labsshop.test.LabsshopCartTest@79d8407f]" started-at="2026-09-13T00:29:01 GMT-07:00" name="removebutton" finished-at="2026-09-13T00:29:01 GMT-07:00" duration-ms="34" status="PASS">
          <reporter-output>
          </reporter-output>
        </test-method> <!-- removebutton -->
        <test-method is-config="true" signature="browserclose(org.testng.ITestResult)[pri:0, instance:com.labsshop.test.LabsshopCartTest@79d8407f]" started-at="2026-09-13T00:29:01 GMT-07:00" name="browserclose" finished-at="2026-09-13T00:29:01 GMT-07:00" duration-ms="1" status="PASS">
          <params>
            <param index="0">
              <value>
                <![CDATA[[TestResult name=removebutton status=SUCCESS method=LabsshopCartTest.removebutton()[pri:2, instance:com.labsshop.test.LabsshopCartTest@79d8407f] output={null}]]]>
              </value>
            </param>
          </params>
          <reporter-output>
          </reporter-output>
        </test-method> <!-- browserclose -->
        <test-method is-config="true" signature="method(java.lang.reflect.Method)[pri:0, instance:com.labsshop.test.LabsshopCartTest@79d8407f]" started-at="2026-09-13T00:29:01 GMT-07:00" name="method" finished-at="2026-09-13T00:29:01 GMT-07:00" duration-ms="2" status="PASS">
          <params>
            <param index="0">
              <value>
                <![CDATA[public void com.labsshop.test.LabsshopCartTest.quantityup()]]>
              </value>
            </param>
          </params>
          <reporter-output>
          </reporter-output>
        </test-method> <!-- method -->
        <test-method signature="quantityup()[pri:3, instance:com.labsshop.test.LabsshopCartTest@79d8407f]" started-at="2026-09-13T00:29:01 GMT-07:00" name="quantityup" finished-at="2026-09-13T00:29:01 GMT-07:00" duration-ms="169" status="PASS">
          <reporter-output>
          </reporter-output>
        </test-method> <!-- quantityup -->
        <test-method is-config="true" signature="browserclose(org.testng.ITestResult)[pri:0, instance:com.labsshop.test.LabsshopCartTest@79d8407f]" started-at="2026-09-13T00:29:01 GMT-07:00" name="browserclose" finished-at="2026-09-13T00:29:01 GMT-07:00" duration-ms="1" status="PASS">
          <params>
            <param index="0">
              <value>
                <![CDATA[[TestResult name=quantityup status=SUCCESS method=LabsshopCartTest.quantityup()[pri:3, instance:com.labsshop.test.LabsshopCartTest@79d8407f] output={null}]]]>
              </value>
            </param>
          </params>
          <reporter-output>
          </reporter-output>
        </test-method> <!-- browserclose -->
        <test-method is-config="true" signature="method(java.lang.reflect.Method)[pri:0, instance:com.labsshop.test.LabsshopCartTest@79d8407f]" started-at="2026-09-13T00:29:01 GMT-07:00" name="method" finished-at="2026-09-13T00:29:01 GMT-07:00" duration-ms="2" status="PASS">
          <params>
            <param index="0">
              <value>
                <![CDATA[public void com.labsshop.test.LabsshopCartTest.Totalamount()]]>
              </value>
            </param>
          </params>
          <reporter-output>
          </reporter-output>
        </test-method> <!-- method -->
        <test-method signature="Totalamount()[pri:4, instance:com.labsshop.test.LabsshopCartTest@79d8407f]" started-at="2026-09-13T00:29:01 GMT-07:00" name="Totalamount" finished-at="2026-09-13T00:29:01 GMT-07:00" duration-ms="58" status="PASS">
          <reporter-output>
          </reporter-output>
        </test-method> <!-- Totalamount -->
        <test-method is-config="true" signature="browserclose(org.testng.ITestResult)[pri:0, instance:com.labsshop.test.LabsshopCartTest@79d8407f]" started-at="2026-09-13T00:29:01 GMT-07:00" name="browserclose" finished-at="2026-09-13T00:29:01 GMT-07:00" duration-ms="1" status="PASS">
          <params>
            <param index="0">
              <value>
                <![CDATA[[TestResult name=Totalamount status=SUCCESS method=LabsshopCartTest.Totalamount()[pri:4, instance:com.labsshop.test.LabsshopCartTest@79d8407f] output={null}]]]>
              </value>
            </param>
          </params>
          <reporter-output>
          </reporter-output>
        </test-method> <!-- browserclose -->
        <test-method is-config="true" signature="method(java.lang.reflect.Method)[pri:0, instance:com.labsshop.test.LabsshopCartTest@79d8407f]" started-at="2026-09-13T00:29:01 GMT-07:00" name="method" finished-at="2026-09-13T00:29:01 GMT-07:00" duration-ms="5" status="PASS">
          <params>
            <param index="0">
              <value>
                <![CDATA[public void com.labsshop.test.LabsshopCartTest.checkoutbutton()]]>
              </value>
            </param>
          </params>
          <reporter-output>
          </reporter-output>
        </test-method> <!-- method -->
        <test-method signature="checkoutbutton()[pri:5, instance:com.labsshop.test.LabsshopCartTest@79d8407f]" started-at="2026-09-13T00:29:01 GMT-07:00" name="checkoutbutton" finished-at="2026-09-13T00:29:01 GMT-07:00" duration-ms="285" status="PASS">
          <reporter-output>
          </reporter-output>
        </test-method> <!-- checkoutbutton -->
        <test-method is-config="true" signature="browserclose(org.testng.ITestResult)[pri:0, instance:com.labsshop.test.LabsshopCartTest@79d8407f]" started-at="2026-09-13T00:29:01 GMT-07:00" name="browserclose" finished-at="2026-09-13T00:29:01 GMT-07:00" duration-ms="3" status="PASS">
          <params>
            <param index="0">
              <value>
                <![CDATA[[TestResult name=checkoutbutton status=SUCCESS method=LabsshopCartTest.checkoutbutton()[pri:5, instance:com.labsshop.test.LabsshopCartTest@79d8407f] output={null}]]]>
              </value>
            </param>
          </params>
          <reporter-output>
          </reporter-output>
        </test-method> <!-- browserclose -->
      </class> <!-- com.labsshop.test.LabsshopCartTest -->
      <class name="com.labsshop.test.LabsshopRegisterTest">
        <test-method is-config="true" signature="method(java.lang.reflect.Method)[pri:0, instance:com.labsshop.test.LabsshopRegisterTest@7d8704ef]" started-at="2026-09-13T00:28:41 GMT-07:00" name="method" finished-at="2026-09-13T00:28:41 GMT-07:00" duration-ms="5" status="PASS">
          <params>
            <param index="0">
              <value>
                <![CDATA[public void com.labsshop.test.LabsshopRegisterTest.register()]]>
              </value>
            </param>
          </params>
          <reporter-output>
          </reporter-output>
        </test-method> <!-- method -->
        <test-method signature="register()[pri:1, instance:com.labsshop.test.LabsshopRegisterTest@7d8704ef]" started-at="2026-09-13T00:28:41 GMT-07:00" name="register" finished-at="2026-09-13T00:28:42 GMT-07:00" duration-ms="1673" status="PASS">
          <reporter-output>
          </reporter-output>
        </test-method> <!-- register -->
        <test-method is-config="true" signature="browserclose(org.testng.ITestResult)[pri:0, instance:com.labsshop.test.LabsshopRegisterTest@7d8704ef]" started-at="2026-09-13T00:28:42 GMT-07:00" name="browserclose" finished-at="2026-09-13T00:28:42 GMT-07:00" duration-ms="3" status="PASS">
          <params>
            <param index="0">
              <value>
                <![CDATA[[TestResult name=register status=SUCCESS method=LabsshopRegisterTest.register()[pri:1, instance:com.labsshop.test.LabsshopRegisterTest@7d8704ef] output={null}]]]>
              </value>
            </param>
          </params>
          <reporter-output>
          </reporter-output>
        </test-method> <!-- browserclose -->
        <test-method is-config="true" signature="method(java.lang.reflect.Method)[pri:0, instance:com.labsshop.test.LabsshopRegisterTest@7d8704ef]" started-at="2026-09-13T00:28:42 GMT-07:00" name="method" finished-at="2026-09-13T00:28:42 GMT-07:00" duration-ms="4" status="PASS">
          <params>
            <param index="0">
              <value>
                <![CDATA[public void com.labsshop.test.LabsshopRegisterTest.form()]]>
              </value>
            </param>
          </params>
          <reporter-output>
          </reporter-output>
        </test-method> <!-- method -->
        <test-method signature="form()[pri:2, instance:com.labsshop.test.LabsshopRegisterTest@7d8704ef]" started-at="2026-09-13T00:28:42 GMT-07:00" name="form" finished-at="2026-09-13T00:28:43 GMT-07:00" duration-ms="1043" status="PASS">
          <reporter-output>
          </reporter-output>
        </test-method> <!-- form -->
        <test-method is-config="true" signature="browserclose(org.testng.ITestResult)[pri:0, instance:com.labsshop.test.LabsshopRegisterTest@7d8704ef]" started-at="2026-09-13T00:28:43 GMT-07:00" name="browserclose" finished-at="2026-09-13T00:28:43 GMT-07:00" duration-ms="1" status="PASS">
          <params>
            <param index="0">
              <value>
                <![CDATA[[TestResult name=form status=SUCCESS method=LabsshopRegisterTest.form()[pri:2, instance:com.labsshop.test.LabsshopRegisterTest@7d8704ef] output={null}]]]>
              </value>
            </param>
          </params>
          <reporter-output>
          </reporter-output>
        </test-method> <!-- browserclose -->
        <test-method is-config="true" signature="method(java.lang.reflect.Method)[pri:0, instance:com.labsshop.test.LabsshopRegisterTest@7d8704ef]" started-at="2026-09-13T00:28:43 GMT-07:00" name="method" finished-at="2026-09-13T00:28:43 GMT-07:00" duration-ms="5" status="PASS">
          <params>
            <param index="0">
              <value>
                <![CDATA[public void com.labsshop.test.LabsshopRegisterTest.pw()]]>
              </value>
            </param>
          </params>
          <reporter-output>
          </reporter-output>
        </test-method> <!-- method -->
        <test-method signature="pw()[pri:3, instance:com.labsshop.test.LabsshopRegisterTest@7d8704ef]" started-at="2026-09-13T00:28:43 GMT-07:00" name="pw" finished-at="2026-09-13T00:28:44 GMT-07:00" duration-ms="249" status="PASS">
          <reporter-output>
          </reporter-output>
        </test-method> <!-- pw -->
        <test-method is-config="true" signature="browserclose(org.testng.ITestResult)[pri:0, instance:com.labsshop.test.LabsshopRegisterTest@7d8704ef]" started-at="2026-09-13T00:28:44 GMT-07:00" name="browserclose" finished-at="2026-09-13T00:28:44 GMT-07:00" duration-ms="1" status="PASS">
          <params>
            <param index="0">
              <value>
                <![CDATA[[TestResult name=pw status=SUCCESS method=LabsshopRegisterTest.pw()[pri:3, instance:com.labsshop.test.LabsshopRegisterTest@7d8704ef] output={null}]]]>
              </value>
            </param>
          </params>
          <reporter-output>
          </reporter-output>
        </test-method> <!-- browserclose -->
        <test-method is-config="true" signature="method(java.lang.reflect.Method)[pri:0, instance:com.labsshop.test.LabsshopRegisterTest@7d8704ef]" started-at="2026-09-13T00:28:44 GMT-07:00" name="method" finished-at="2026-09-13T00:28:44 GMT-07:00" duration-ms="5" status="PASS">
          <params>
            <param index="0">
              <value>
                <![CDATA[public void com.labsshop.test.LabsshopRegisterTest.regbutton()]]>
              </value>
            </param>
          </params>
          <reporter-output>
          </reporter-output>
        </test-method> <!-- method -->
        <test-method signature="regbutton()[pri:4, instance:com.labsshop.test.LabsshopRegisterTest@7d8704ef]" started-at="2026-09-13T00:28:44 GMT-07:00" name="regbutton" finished-at="2026-09-13T00:28:44 GMT-07:00" duration-ms="159" status="PASS">
          <reporter-output>
          </reporter-output>
        </test-method> <!-- regbutton -->
        <test-method is-config="true" signature="browserclose(org.testng.ITestResult)[pri:0, instance:com.labsshop.test.LabsshopRegisterTest@7d8704ef]" started-at="2026-09-13T00:28:44 GMT-07:00" name="browserclose" finished-at="2026-09-13T00:28:44 GMT-07:00" duration-ms="2" status="PASS">
          <params>
            <param index="0">
              <value>
                <![CDATA[[TestResult name=regbutton status=SUCCESS method=LabsshopRegisterTest.regbutton()[pri:4, instance:com.labsshop.test.LabsshopRegisterTest@7d8704ef] output={null}]]]>
              </value>
            </param>
          </params>
          <reporter-output>
          </reporter-output>
        </test-method> <!-- browserclose -->
      </class> <!-- com.labsshop.test.LabsshopRegisterTest -->
    </test> <!-- Test -->
  </suite> <!-- Suite -->
</testng-results>
