<?xml version="1.0" encoding="UTF-8"?>
<!-- Generated by org.testng.reporters.JUnitReportReporter -->
<testsuite hostname="DESKTOP-9EJEO47" failures="0" tests="4" name="com.labsshop.test.LabsshopProductTest" time="5.192" errors="0" timestamp="2026-09-15T08:35:48 GMT-07:00" skipped="0">
  <testcase classname="com.labsshop.test.LabsshopProductTest" name="filter1" time="0.300"/>
  <testcase classname="com.labsshop.test.LabsshopProductTest" name="filter2" time="0.171"/>
  <testcase classname="com.labsshop.test.LabsshopProductTest" name="dropdown" time="4.084"/>
  <testcase classname="com.labsshop.test.LabsshopProductTest" name="addcartbtn" time="0.637"/>
</testsuite> <!-- com.labsshop.test.LabsshopProductTest -->
