<?xml version="1.0" encoding="UTF-8"?>
<!-- Generated by org.testng.reporters.JUnitReportReporter -->
<testsuite hostname="DESKTOP-9EJEO47" failures="0" tests="4" name="com.labsshop.test.LabsshopRegisterTest" time="13.708" errors="0" timestamp="2026-09-15T08:35:48 GMT-07:00" skipped="0">
  <testcase classname="com.labsshop.test.LabsshopRegisterTest" name="register" time="2.348"/>
  <testcase classname="com.labsshop.test.LabsshopRegisterTest" name="form" time="9.221"/>
  <testcase classname="com.labsshop.test.LabsshopRegisterTest" name="pw" time="1.539"/>
  <testcase classname="com.labsshop.test.LabsshopRegisterTest" name="regbutton" time="0.600"/>
</testsuite> <!-- com.labsshop.test.LabsshopRegisterTest -->
