<?xml version="1.0" encoding="UTF-8"?>
<!-- Generated by org.testng.reporters.JUnitReportReporter -->
<testsuite hostname="DESKTOP-9EJEO47" failures="0" tests="5" name="com.labsshop.test.LabsshopCheckoutTest" time="4.174" errors="0" timestamp="2026-09-15T08:35:48 GMT-07:00" skipped="0">
  <testcase classname="com.labsshop.test.LabsshopCheckoutTest" name="fieldvalues" time="1.058"/>
  <testcase classname="com.labsshop.test.LabsshopCheckoutTest" name="next" time="0.290"/>
  <testcase classname="com.labsshop.test.LabsshopCheckoutTest" name="orderbtn" time="2.465"/>
  <testcase classname="com.labsshop.test.LabsshopCheckoutTest" name="msg" time="0.105"/>
  <testcase classname="com.labsshop.test.LabsshopCheckoutTest" name="shop" time="0.256"/>
</testsuite> <!-- com.labsshop.test.LabsshopCheckoutTest -->
