<?xml version="1.0" encoding="UTF-8"?>
<!-- Generated by org.testng.reporters.JUnitReportReporter -->
<testsuite hostname="DESKTOP-9EJEO47" failures="0" tests="5" name="com.labsshop.test.LabsshopCheckoutTest" time="10.126" errors="0" timestamp="2026-09-13T00:29:20 GMT-07:00" skipped="0">
  <testcase classname="com.labsshop.test.LabsshopCheckoutTest" name="fieldvalues" time="1.313"/>
  <testcase classname="com.labsshop.test.LabsshopCheckoutTest" name="next" time="0.926"/>
  <testcase classname="com.labsshop.test.LabsshopCheckoutTest" name="orderbtn" time="7.380"/>
  <testcase classname="com.labsshop.test.LabsshopCheckoutTest" name="msg" time="0.050"/>
  <testcase classname="com.labsshop.test.LabsshopCheckoutTest" name="shop" time="0.457"/>
</testsuite> <!-- com.labsshop.test.LabsshopCheckoutTest -->
