<?xml version="1.0" encoding="UTF-8"?>
<!-- Generated by org.testng.reporters.JUnitReportReporter -->
<testsuite hostname="DESKTOP-9EJEO47" failures="0" tests="3" name="utility.Datadriven" time="8.029" errors="0" timestamp="2026-09-14T08:27:15 GMT-07:00" skipped="0">
  <testcase classname="utility.Datadriven" name="loginTest" time="4.495"/>
  <testcase classname="utility.Datadriven" name="loginTest" time="0.987"/>
  <testcase classname="utility.Datadriven" name="loginTest" time="2.547"/>
</testsuite> <!-- utility.Datadriven -->
