<?xml version="1.0" encoding="UTF-8"?>
<!-- Generated by org.testng.reporters.JUnitReportReporter -->
<testsuite hostname="DESKTOP-9EJEO47" failures="0" tests="5" name="com.labsshop.test.LabsshopHomeTest" time="1.962" errors="0" timestamp="2026-09-13T00:29:20 GMT-07:00" skipped="0">
  <testcase classname="com.labsshop.test.LabsshopHomeTest" name="shopnowbtn" time="0.416"/>
  <testcase classname="com.labsshop.test.LabsshopHomeTest" name="goback" time="0.456"/>
  <testcase classname="com.labsshop.test.LabsshopHomeTest" name="linkcount" time="0.048"/>
  <testcase classname="com.labsshop.test.LabsshopHomeTest" name="logoname" time="0.648"/>
  <testcase classname="com.labsshop.test.LabsshopHomeTest" name="shopelectrnow" time="0.394"/>
</testsuite> <!-- com.labsshop.test.LabsshopHomeTest -->
