<?xml version="1.0" encoding="UTF-8"?>
<!-- Generated by org.testng.reporters.JUnitReportReporter -->
<testsuite hostname="DESKTOP-9EJEO47" failures="0" tests="4" name="com.labsshop.test.LabsshopRegisterTest" time="2.292" errors="0" timestamp="2026-09-14T22:22:08 GMT-07:00" skipped="0">
  <testcase classname="com.labsshop.test.LabsshopRegisterTest" name="register" time="0.741"/>
  <testcase classname="com.labsshop.test.LabsshopRegisterTest" name="form" time="1.155"/>
  <testcase classname="com.labsshop.test.LabsshopRegisterTest" name="pw" time="0.251"/>
  <testcase classname="com.labsshop.test.LabsshopRegisterTest" name="regbutton" time="0.145"/>
</testsuite> <!-- com.labsshop.test.LabsshopRegisterTest -->
