<?xml version="1.0" encoding="UTF-8"?>
<!-- Generated by org.testng.reporters.JUnitReportReporter -->
<testsuite hostname="DESKTOP-9EJEO47" failures="0" tests="5" name="com.labsshop.test.LabsshopCartTest" time="2.518" errors="0" timestamp="2026-09-13T00:29:20 GMT-07:00" skipped="0">
  <testcase classname="com.labsshop.test.LabsshopCartTest" name="cartbutton" time="1.954"/>
  <testcase classname="com.labsshop.test.LabsshopCartTest" name="removebutton" time="0.037"/>
  <testcase classname="com.labsshop.test.LabsshopCartTest" name="quantityup" time="0.172"/>
  <testcase classname="com.labsshop.test.LabsshopCartTest" name="Totalamount" time="0.064"/>
  <testcase classname="com.labsshop.test.LabsshopCartTest" name="checkoutbutton" time="0.291"/>
</testsuite> <!-- com.labsshop.test.LabsshopCartTest -->
