<?xml version="1.0" encoding="UTF-8"?>
<!-- Generated by org.testng.reporters.JUnitReportReporter -->
<testsuite hostname="DESKTOP-9EJEO47" failures="0" tests="5" name="com.labsshop.test.LabsshopCartTest" time="1.518" errors="0" timestamp="2026-09-14T22:22:08 GMT-07:00" skipped="0">
  <testcase classname="com.labsshop.test.LabsshopCartTest" name="cartbutton" time="0.707"/>
  <testcase classname="com.labsshop.test.LabsshopCartTest" name="removebutton" time="0.044"/>
  <testcase classname="com.labsshop.test.LabsshopCartTest" name="quantityup" time="0.266"/>
  <testcase classname="com.labsshop.test.LabsshopCartTest" name="Totalamount" time="0.144"/>
  <testcase classname="com.labsshop.test.LabsshopCartTest" name="checkoutbutton" time="0.357"/>
</testsuite> <!-- com.labsshop.test.LabsshopCartTest -->
