<?xml version="1.0" encoding="UTF-8"?>
<!-- Generated by org.testng.reporters.JUnitReportReporter -->
<testsuite hostname="DESKTOP-9EJEO47" failures="0" tests="4" name="com.labsshop.test.LabsshopProductTest" time="1.544" errors="0" timestamp="2026-09-14T22:22:08 GMT-07:00" skipped="0">
  <testcase classname="com.labsshop.test.LabsshopProductTest" name="filter1" time="0.249"/>
  <testcase classname="com.labsshop.test.LabsshopProductTest" name="filter2" time="0.200"/>
  <testcase classname="com.labsshop.test.LabsshopProductTest" name="dropdown" time="0.564"/>
  <testcase classname="com.labsshop.test.LabsshopProductTest" name="addcartbtn" time="0.531"/>
</testsuite> <!-- com.labsshop.test.LabsshopProductTest -->
