<?xml version="1.0" encoding="UTF-8"?>
<!-- Generated by org.testng.reporters.JUnitReportReporter -->
<testsuite hostname="DESKTOP-9EJEO47" failures="0" tests="3" name="utility.Datadriven" time="8.703" errors="0" timestamp="2026-09-15T08:35:48 GMT-07:00" skipped="0">
  <testcase classname="utility.Datadriven" name="loginTest" time="5.171"/>
  <testcase classname="utility.Datadriven" name="loginTest" time="0.573"/>
  <testcase classname="utility.Datadriven" name="loginTest" time="2.959"/>
</testsuite> <!-- utility.Datadriven -->
